2016-05-09 18:03:10,125 [INFO] from play.core.server.NettyServer in pool-159-thread-10 - Listening for HTTP on /0:0:0:0:0:0:0:0:9009
2016-05-09 18:03:12,789 [INFO] from play.api.Play in ForkJoinPool-23-worker-1 - Application started (Dev)
2016-05-09 18:03:14,800 [WARN] from play.core.server.netty.NettyModelConversion in application-akka.actor.default-dispatcher-3 - Content-Type set both in header (application/javascript; charset=utf-8) and attached to entity (application/javascript; charset=utf-8), ignoring content type from entity. To remove this warning, use Result.as(...) to set the content type, rather than setting the header manually.
2016-05-09 18:03:29,310 [WARN] from play.core.server.netty.NettyModelConversion in application-akka.actor.default-dispatcher-6 - Content-Type set both in header (application/javascript; charset=utf-8) and attached to entity (application/javascript; charset=utf-8), ignoring content type from entity. To remove this warning, use Result.as(...) to set the content type, rather than setting the header manually.
2016-05-09 18:03:29,312 [WARN] from play.core.server.netty.NettyModelConversion in application-akka.actor.default-dispatcher-3 - Content-Type set both in header (application/javascript; charset=utf-8) and attached to entity (application/javascript; charset=utf-8), ignoring content type from entity. To remove this warning, use Result.as(...) to set the content type, rather than setting the header manually.
2016-05-09 18:03:29,367 [WARN] from play.core.server.netty.NettyModelConversion in application-akka.actor.default-dispatcher-6 - Content-Type set both in header (application/javascript; charset=utf-8) and attached to entity (application/javascript; charset=utf-8), ignoring content type from entity. To remove this warning, use Result.as(...) to set the content type, rather than setting the header manually.
2016-05-09 18:03:31,882 [WARN] from play.core.server.netty.NettyModelConversion in application-akka.actor.default-dispatcher-6 - Content-Type set both in header (application/x-navimap) and attached to entity (application/x-navimap), ignoring content type from entity. To remove this warning, use Result.as(...) to set the content type, rather than setting the header manually.
2016-05-09 18:03:31,956 [WARN] from play.core.server.netty.NettyModelConversion in application-akka.actor.default-dispatcher-6 - Content-Type set both in header (application/x-navimap) and attached to entity (application/x-navimap), ignoring content type from entity. To remove this warning, use Result.as(...) to set the content type, rather than setting the header manually.
2016-05-09 18:03:56,073 [ERROR] from application in application-akka.actor.default-dispatcher-8 - 

! @703a017oj - Internal server error, for (GET) [/movePlayer/0/wa] ->
 
play.api.http.HttpErrorHandlerExceptions$$anon$1: Execution exception[[IndexOutOfBoundsException: 0]]
	at play.api.http.HttpErrorHandlerExceptions$.throwableToUsefulException(HttpErrorHandler.scala:280)
	at play.api.http.DefaultHttpErrorHandler.onServerError(HttpErrorHandler.scala:206)
	at play.api.GlobalSettings$class.onError(GlobalSettings.scala:160)
	at play.api.DefaultGlobal$.onError(GlobalSettings.scala:188)
	at play.api.http.GlobalSettingsHttpErrorHandler.onServerError(HttpErrorHandler.scala:98)
	at play.core.server.netty.PlayRequestHandler$$anonfun$2$$anonfun$apply$1.applyOrElse(PlayRequestHandler.scala:100)
	at play.core.server.netty.PlayRequestHandler$$anonfun$2$$anonfun$apply$1.applyOrElse(PlayRequestHandler.scala:99)
	at scala.concurrent.Future$$anonfun$recoverWith$1.apply(Future.scala:346)
	at scala.concurrent.Future$$anonfun$recoverWith$1.apply(Future.scala:345)
	at scala.concurrent.impl.CallbackRunnable.run(Promise.scala:32)
	at play.api.libs.iteratee.Execution$trampoline$.execute(Execution.scala:70)
	at scala.concurrent.impl.CallbackRunnable.executeWithValue(Promise.scala:40)
	at scala.concurrent.impl.Promise$DefaultPromise.tryComplete(Promise.scala:248)
	at scala.concurrent.Promise$class.complete(Promise.scala:55)
	at scala.concurrent.impl.Promise$DefaultPromise.complete(Promise.scala:153)
	at scala.concurrent.Promise$class.failure(Promise.scala:104)
	at scala.concurrent.impl.Promise$DefaultPromise.failure(Promise.scala:153)
	at scala.concurrent.Future$$anonfun$flatMap$1.apply(Future.scala:257)
	at scala.concurrent.Future$$anonfun$flatMap$1.apply(Future.scala:251)
	at scala.concurrent.impl.CallbackRunnable.run(Promise.scala:32)
	at akka.dispatch.BatchingExecutor$AbstractBatch.processBatch(BatchingExecutor.scala:55)
	at akka.dispatch.BatchingExecutor$BlockableBatch$$anonfun$run$1.apply$mcV$sp(BatchingExecutor.scala:91)
	at akka.dispatch.BatchingExecutor$BlockableBatch$$anonfun$run$1.apply(BatchingExecutor.scala:91)
	at akka.dispatch.BatchingExecutor$BlockableBatch$$anonfun$run$1.apply(BatchingExecutor.scala:91)
	at scala.concurrent.BlockContext$.withBlockContext(BlockContext.scala:72)
	at akka.dispatch.BatchingExecutor$BlockableBatch.run(BatchingExecutor.scala:90)
	at akka.dispatch.TaskInvocation.run(AbstractDispatcher.scala:39)
	at akka.dispatch.ForkJoinExecutorConfigurator$AkkaForkJoinTask.exec(AbstractDispatcher.scala:405)
	at scala.concurrent.forkjoin.ForkJoinTask.doExec(ForkJoinTask.java:260)
	at scala.concurrent.forkjoin.ForkJoinPool$WorkQueue.runTask(ForkJoinPool.java:1339)
	at scala.concurrent.forkjoin.ForkJoinPool.runWorker(ForkJoinPool.java:1979)
	at scala.concurrent.forkjoin.ForkJoinWorkerThread.run(ForkJoinWorkerThread.java:107)
Caused by: java.lang.IndexOutOfBoundsException: 0
	at scala.collection.mutable.ResizableArray$class.apply(ResizableArray.scala:43)
	at scala.collection.mutable.ArrayBuffer.apply(ArrayBuffer.scala:48)
	at models.Player$$anonfun$movePlayer$1.apply(Player.scala:92)
	at models.Player$$anonfun$movePlayer$1.apply(Player.scala:91)
	at scala.collection.IndexedSeqOptimized$class.foreach(IndexedSeqOptimized.scala:33)
	at scala.collection.immutable.StringOps.foreach(StringOps.scala:29)
	at models.Player$.movePlayer(Player.scala:91)
	at controllers.Application$$anonfun$movePlayer$1.apply(Application.scala:37)
	at controllers.Application$$anonfun$movePlayer$1.apply(Application.scala:36)
	at play.api.mvc.ActionBuilder$$anonfun$apply$13.apply(Action.scala:371)
	at play.api.mvc.ActionBuilder$$anonfun$apply$13.apply(Action.scala:370)
	at play.api.mvc.Action$.invokeBlock(Action.scala:498)
	at play.api.mvc.Action$.invokeBlock(Action.scala:495)
	at play.api.mvc.ActionBuilder$$anon$2.apply(Action.scala:458)
	at play.api.mvc.Action$$anonfun$apply$2$$anonfun$apply$5$$anonfun$apply$6.apply(Action.scala:112)
	at play.api.mvc.Action$$anonfun$apply$2$$anonfun$apply$5$$anonfun$apply$6.apply(Action.scala:112)
	at play.utils.Threads$.withContextClassLoader(Threads.scala:21)
	at play.api.mvc.Action$$anonfun$apply$2$$anonfun$apply$5.apply(Action.scala:111)
	at play.api.mvc.Action$$anonfun$apply$2$$anonfun$apply$5.apply(Action.scala:110)
	at scala.Option.map(Option.scala:146)
	at play.api.mvc.Action$$anonfun$apply$2.apply(Action.scala:110)
	at play.api.mvc.Action$$anonfun$apply$2.apply(Action.scala:103)
	at scala.concurrent.Future$$anonfun$flatMap$1.apply(Future.scala:253)
	... 14 common frames omitted
2016-05-09 18:04:33,466 [ERROR] from application in application-akka.actor.default-dispatcher-7 - 

! @703a03b71 - Internal server error, for (GET) [/addBullet/1/782/377.1666717529297] ->
 
play.api.http.HttpErrorHandlerExceptions$$anon$1: Execution exception[[IndexOutOfBoundsException: 0]]
	at play.api.http.HttpErrorHandlerExceptions$.throwableToUsefulException(HttpErrorHandler.scala:280)
	at play.api.http.DefaultHttpErrorHandler.onServerError(HttpErrorHandler.scala:206)
	at play.api.GlobalSettings$class.onError(GlobalSettings.scala:160)
	at play.api.DefaultGlobal$.onError(GlobalSettings.scala:188)
	at play.api.http.GlobalSettingsHttpErrorHandler.onServerError(HttpErrorHandler.scala:98)
	at play.core.server.netty.PlayRequestHandler$$anonfun$2$$anonfun$apply$1.applyOrElse(PlayRequestHandler.scala:100)
	at play.core.server.netty.PlayRequestHandler$$anonfun$2$$anonfun$apply$1.applyOrElse(PlayRequestHandler.scala:99)
	at scala.concurrent.Future$$anonfun$recoverWith$1.apply(Future.scala:346)
	at scala.concurrent.Future$$anonfun$recoverWith$1.apply(Future.scala:345)
	at scala.concurrent.impl.CallbackRunnable.run(Promise.scala:32)
	at play.api.libs.iteratee.Execution$trampoline$.execute(Execution.scala:70)
	at scala.concurrent.impl.CallbackRunnable.executeWithValue(Promise.scala:40)
	at scala.concurrent.impl.Promise$DefaultPromise.tryComplete(Promise.scala:248)
	at scala.concurrent.Promise$class.complete(Promise.scala:55)
	at scala.concurrent.impl.Promise$DefaultPromise.complete(Promise.scala:153)
	at scala.concurrent.Promise$class.failure(Promise.scala:104)
	at scala.concurrent.impl.Promise$DefaultPromise.failure(Promise.scala:153)
	at scala.concurrent.Future$$anonfun$flatMap$1.apply(Future.scala:257)
	at scala.concurrent.Future$$anonfun$flatMap$1.apply(Future.scala:251)
	at scala.concurrent.impl.CallbackRunnable.run(Promise.scala:32)
	at akka.dispatch.BatchingExecutor$AbstractBatch.processBatch(BatchingExecutor.scala:55)
	at akka.dispatch.BatchingExecutor$BlockableBatch$$anonfun$run$1.apply$mcV$sp(BatchingExecutor.scala:91)
	at akka.dispatch.BatchingExecutor$BlockableBatch$$anonfun$run$1.apply(BatchingExecutor.scala:91)
	at akka.dispatch.BatchingExecutor$BlockableBatch$$anonfun$run$1.apply(BatchingExecutor.scala:91)
	at scala.concurrent.BlockContext$.withBlockContext(BlockContext.scala:72)
	at akka.dispatch.BatchingExecutor$BlockableBatch.run(BatchingExecutor.scala:90)
	at akka.dispatch.TaskInvocation.run(AbstractDispatcher.scala:39)
	at akka.dispatch.ForkJoinExecutorConfigurator$AkkaForkJoinTask.exec(AbstractDispatcher.scala:405)
	at scala.concurrent.forkjoin.ForkJoinTask.doExec(ForkJoinTask.java:260)
	at scala.concurrent.forkjoin.ForkJoinPool$WorkQueue.runTask(ForkJoinPool.java:1339)
	at scala.concurrent.forkjoin.ForkJoinPool.runWorker(ForkJoinPool.java:1979)
	at scala.concurrent.forkjoin.ForkJoinWorkerThread.run(ForkJoinWorkerThread.java:107)
Caused by: java.lang.IndexOutOfBoundsException: 0
	at scala.collection.mutable.ResizableArray$class.apply(ResizableArray.scala:43)
	at scala.collection.mutable.ArrayBuffer.apply(ArrayBuffer.scala:48)
	at models.Player$.addBullet(Player.scala:111)
	at controllers.Application$$anonfun$addBullet$1.apply(Application.scala:42)
	at controllers.Application$$anonfun$addBullet$1.apply(Application.scala:41)
	at play.api.mvc.ActionBuilder$$anonfun$apply$13.apply(Action.scala:371)
	at play.api.mvc.ActionBuilder$$anonfun$apply$13.apply(Action.scala:370)
	at play.api.mvc.Action$.invokeBlock(Action.scala:498)
	at play.api.mvc.Action$.invokeBlock(Action.scala:495)
	at play.api.mvc.ActionBuilder$$anon$2.apply(Action.scala:458)
	at play.api.mvc.Action$$anonfun$apply$2$$anonfun$apply$5$$anonfun$apply$6.apply(Action.scala:112)
	at play.api.mvc.Action$$anonfun$apply$2$$anonfun$apply$5$$anonfun$apply$6.apply(Action.scala:112)
	at play.utils.Threads$.withContextClassLoader(Threads.scala:21)
	at play.api.mvc.Action$$anonfun$apply$2$$anonfun$apply$5.apply(Action.scala:111)
	at play.api.mvc.Action$$anonfun$apply$2$$anonfun$apply$5.apply(Action.scala:110)
	at scala.Option.map(Option.scala:146)
	at play.api.mvc.Action$$anonfun$apply$2.apply(Action.scala:110)
	at play.api.mvc.Action$$anonfun$apply$2.apply(Action.scala:103)
	at scala.concurrent.Future$$anonfun$flatMap$1.apply(Future.scala:253)
	... 14 common frames omitted
