2016-05-08 18:12:13,545  WARN [ModalContext] - ScalaProject - Project server has platform default sourceLevel.
2016-05-08 18:12:13,546  WARN [ModalContext] - ScalaProject - Project server runs on platform default installation.
2016-05-08 18:12:13,547  WARN [ModalContext] - ScalaProject - Project server has platform default sourceLevel.
2016-05-08 18:12:13,547  WARN [ModalContext] - ScalaProject - Project server runs on platform default installation.
2016-05-08 18:12:13,549  WARN [ModalContext] - ScalaProject - Project shared has platform default sourceLevel.
2016-05-08 18:12:13,549  WARN [ModalContext] - ScalaProject - Project shared runs on platform default installation.
2016-05-08 18:12:13,549  WARN [ModalContext] - ScalaProject - Project shared has platform default sourceLevel.
2016-05-08 18:12:13,549  WARN [ModalContext] - ScalaProject - Project shared runs on platform default installation.
2016-05-08 18:12:13,549  WARN [ModalContext] - ScalaProject - Project client has platform default sourceLevel.
2016-05-08 18:12:13,549  WARN [ModalContext] - ScalaProject - Project client runs on platform default installation.
2016-05-08 18:12:13,549  WARN [ModalContext] - ScalaProject - Project client has platform default sourceLevel.
2016-05-08 18:12:13,550  WARN [ModalContext] - ScalaProject - Project client runs on platform default installation.
2016-05-08 18:12:16,995  WARN [ModalContext] - ScalaProject - Project client has platform default sourceLevel.
2016-05-08 18:12:16,995  WARN [ModalContext] - ScalaProject - Project client runs on platform default installation.
2016-05-08 18:12:17,985  WARN [ModalContext] - ScalaProject - Project server has platform default sourceLevel.
2016-05-08 18:12:17,985  WARN [ModalContext] - ScalaProject - Project server runs on platform default installation.
2016-05-08 18:12:18,008  WARN [ModalContext] - ScalaProject - Project shared has platform default sourceLevel.
2016-05-08 18:12:18,008  WARN [ModalContext] - ScalaProject - Project shared runs on platform default installation.
2016-05-08 18:12:18,295  WARN [main] - org.scala-ide.sdt.core - org.scala-ide.sdt.core - org.scala-ide.sdt.core - 0 - Preference scala.compiler.sourceLevel was uninitialized for shared, setting default to 2.11.
2016-05-08 18:12:18,309  WARN [main] - org.scala-ide.sdt.core - org.scala-ide.sdt.core - org.scala-ide.sdt.core - 0 - Preference scala.compiler.installation was uninitialized for shared, setting default to 2.11.
2016-05-08 18:12:18,463  WARN [Worker-3] - ScalaProject - Project server has platform default sourceLevel.
2016-05-08 18:12:18,463  WARN [Worker-3] - ScalaProject - Project server runs on platform default installation.
2016-05-08 18:12:40,089 ERROR [main] - org.scala-ide.sdt.core - org.scala-ide.sdt.core - org.scala-ide.sdt.core - 2 - Problems occurred when invoking code from plug-in: "org.scala-ide.sdt.core".
org.eclipse.core.runtime.CoreException: Plug-in org.scala-ide.sdt.debug was unable to load class org.scalaide.debug.internal.editor.TextHoverFactory.
	at org.eclipse.core.internal.registry.osgi.RegistryStrategyOSGI.throwException(RegistryStrategyOSGI.java:194)
	at org.eclipse.core.internal.registry.osgi.RegistryStrategyOSGI.createExecutableExtension(RegistryStrategyOSGI.java:176)
	at org.eclipse.core.internal.registry.ExtensionRegistry.createExecutableExtension(ExtensionRegistry.java:905)
	at org.eclipse.core.internal.registry.ConfigurationElement.createExecutableExtension(ConfigurationElement.java:243)
	at org.eclipse.core.internal.registry.ConfigurationElementHandle.createExecutableExtension(ConfigurationElementHandle.java:55)
	at org.scalaide.ui.editor.extensionpoints.ScalaHoverDebugOverrideExtensionPoint$$anonfun$extensionHoverFactory$1$$anonfun$apply$2.apply(ScalaHoverDebugOverrideExtensionPoint.scala:18)
	at org.scalaide.ui.editor.extensionpoints.ScalaHoverDebugOverrideExtensionPoint$$anonfun$extensionHoverFactory$1$$anonfun$apply$2.apply(ScalaHoverDebugOverrideExtensionPoint.scala:18)
	at org.scalaide.util.eclipse.EclipseUtils$$anon$3.run(EclipseUtils.scala:216)
	at org.eclipse.core.runtime.SafeRunner.run(SafeRunner.java:42)
	at org.scalaide.util.eclipse.EclipseUtils$.withSafeRunner(EclipseUtils.scala:212)
	at org.scalaide.ui.editor.extensionpoints.ScalaHoverDebugOverrideExtensionPoint$$anonfun$extensionHoverFactory$1.apply(ScalaHoverDebugOverrideExtensionPoint.scala:17)
	at org.scalaide.ui.editor.extensionpoints.ScalaHoverDebugOverrideExtensionPoint$$anonfun$extensionHoverFactory$1.apply(ScalaHoverDebugOverrideExtensionPoint.scala:16)
	at scala.Option.flatMap(Option.scala:171)
	at org.scalaide.ui.editor.extensionpoints.ScalaHoverDebugOverrideExtensionPoint$.extensionHoverFactory$lzycompute(ScalaHoverDebugOverrideExtensionPoint.scala:16)
	at org.scalaide.ui.editor.extensionpoints.ScalaHoverDebugOverrideExtensionPoint$.extensionHoverFactory(ScalaHoverDebugOverrideExtensionPoint.scala:16)
	at org.scalaide.ui.editor.extensionpoints.ScalaHoverDebugOverrideExtensionPoint$.hoverFor(ScalaHoverDebugOverrideExtensionPoint.scala:11)
	at org.scalaide.ui.internal.editor.ScalaSourceViewerConfiguration$$anonfun$getTextHover$1.apply(ScalaSourceViewerConfiguration.scala:235)
	at org.scalaide.ui.internal.editor.ScalaSourceViewerConfiguration$$anonfun$getTextHover$1.apply(ScalaSourceViewerConfiguration.scala:233)
	at scala.Option.map(Option.scala:146)
	at org.scalaide.ui.internal.editor.ScalaSourceViewerConfiguration.getTextHover(ScalaSourceViewerConfiguration.scala:233)
	at org.eclipse.jface.text.source.SourceViewer.configure(SourceViewer.java:512)
	at org.eclipse.jdt.internal.ui.javaeditor.JavaSourceViewer.configure(JavaSourceViewer.java:235)
	at org.eclipse.ui.texteditor.AbstractTextEditor.createPartControl(AbstractTextEditor.java:3427)
	at org.eclipse.ui.texteditor.StatusTextEditor.createPartControl(StatusTextEditor.java:54)
	at org.eclipse.ui.texteditor.AbstractDecoratedTextEditor.createPartControl(AbstractDecoratedTextEditor.java:447)
	at org.eclipse.jdt.internal.ui.javaeditor.JavaEditor.createPartControl(JavaEditor.java:3125)
	at org.eclipse.jdt.internal.ui.javaeditor.CompilationUnitEditor.createPartControl(CompilationUnitEditor.java:1502)
	at org.scalaide.ui.internal.editor.ScalaSourceFileEditor.org$scalaide$ui$internal$editor$ScalaCompilationUnitEditor$$super$createPartControl(ScalaSourceFileEditor.scala:50)
	at org.scalaide.ui.internal.editor.ScalaCompilationUnitEditor$class.createPartControl(ScalaCompilationUnitEditor.scala:51)
	at org.scalaide.ui.internal.editor.ScalaSourceFileEditor.createPartControl(ScalaSourceFileEditor.scala:215)
	at org.eclipse.ui.internal.e4.compatibility.CompatibilityPart.createPartControl(CompatibilityPart.java:151)
	at org.eclipse.ui.internal.e4.compatibility.CompatibilityEditor.createPartControl(CompatibilityEditor.java:99)
	at org.eclipse.ui.internal.e4.compatibility.CompatibilityPart.create(CompatibilityPart.java:341)
	at sun.reflect.NativeMethodAccessorImpl.invoke0(Native Method)
	at sun.reflect.NativeMethodAccessorImpl.invoke(NativeMethodAccessorImpl.java:62)
	at sun.reflect.DelegatingMethodAccessorImpl.invoke(DelegatingMethodAccessorImpl.java:43)
	at java.lang.reflect.Method.invoke(Method.java:497)
	at org.eclipse.e4.core.internal.di.MethodRequestor.execute(MethodRequestor.java:56)
	at org.eclipse.e4.core.internal.di.InjectorImpl.processAnnotated(InjectorImpl.java:898)
	at org.eclipse.e4.core.internal.di.InjectorImpl.processAnnotated(InjectorImpl.java:879)
	at org.eclipse.e4.core.internal.di.InjectorImpl.inject(InjectorImpl.java:121)
	at org.eclipse.e4.core.internal.di.InjectorImpl.internalMake(InjectorImpl.java:345)
	at org.eclipse.e4.core.internal.di.InjectorImpl.make(InjectorImpl.java:264)
	at org.eclipse.e4.core.contexts.ContextInjectionFactory.make(ContextInjectionFactory.java:162)
	at org.eclipse.e4.ui.internal.workbench.ReflectionContributionFactory.createFromBundle(ReflectionContributionFactory.java:104)
	at org.eclipse.e4.ui.internal.workbench.ReflectionContributionFactory.doCreate(ReflectionContributionFactory.java:73)
	at org.eclipse.e4.ui.internal.workbench.ReflectionContributionFactory.create(ReflectionContributionFactory.java:55)
	at org.eclipse.e4.ui.workbench.renderers.swt.ContributedPartRenderer.createWidget(ContributedPartRenderer.java:129)
	at org.eclipse.e4.ui.internal.workbench.swt.PartRenderingEngine.createWidget(PartRenderingEngine.java:971)
	at org.eclipse.e4.ui.internal.workbench.swt.PartRenderingEngine.safeCreateGui(PartRenderingEngine.java:640)
	at org.eclipse.e4.ui.internal.workbench.swt.PartRenderingEngine.safeCreateGui(PartRenderingEngine.java:746)
	at org.eclipse.e4.ui.internal.workbench.swt.PartRenderingEngine.access$0(PartRenderingEngine.java:717)
	at org.eclipse.e4.ui.internal.workbench.swt.PartRenderingEngine$2.run(PartRenderingEngine.java:711)
	at org.eclipse.core.runtime.SafeRunner.run(SafeRunner.java:42)
	at org.eclipse.e4.ui.internal.workbench.swt.PartRenderingEngine.createGui(PartRenderingEngine.java:695)
	at org.eclipse.e4.ui.workbench.renderers.swt.StackRenderer.showTab(StackRenderer.java:1306)
	at org.eclipse.e4.ui.workbench.renderers.swt.LazyStackRenderer$1.handleEvent(LazyStackRenderer.java:72)
	at org.eclipse.e4.ui.services.internal.events.UIEventHandler$1.run(UIEventHandler.java:40)
	at org.eclipse.swt.widgets.Synchronizer.syncExec(Synchronizer.java:186)
	at org.eclipse.ui.internal.UISynchronizer.syncExec(UISynchronizer.java:145)
	at org.eclipse.swt.widgets.Display.syncExec(Display.java:4633)
	at org.eclipse.e4.ui.internal.workbench.swt.E4Application$1.syncExec(E4Application.java:211)
	at org.eclipse.e4.ui.services.internal.events.UIEventHandler.handleEvent(UIEventHandler.java:36)
	at org.eclipse.equinox.internal.event.EventHandlerWrapper.handleEvent(EventHandlerWrapper.java:197)
	at org.eclipse.equinox.internal.event.EventHandlerTracker.dispatchEvent(EventHandlerTracker.java:197)
	at org.eclipse.equinox.internal.event.EventHandlerTracker.dispatchEvent(EventHandlerTracker.java:1)
	at org.eclipse.osgi.framework.eventmgr.EventManager.dispatchEvent(EventManager.java:230)
	at org.eclipse.osgi.framework.eventmgr.ListenerQueue.dispatchEventSynchronous(ListenerQueue.java:148)
	at org.eclipse.equinox.internal.event.EventAdminImpl.dispatchEvent(EventAdminImpl.java:135)
	at org.eclipse.equinox.internal.event.EventAdminImpl.sendEvent(EventAdminImpl.java:78)
	at org.eclipse.equinox.internal.event.EventComponent.sendEvent(EventComponent.java:39)
	at org.eclipse.e4.ui.services.internal.events.EventBroker.send(EventBroker.java:85)
	at org.eclipse.e4.ui.internal.workbench.UIEventPublisher.notifyChanged(UIEventPublisher.java:59)
	at org.eclipse.emf.common.notify.impl.BasicNotifierImpl.eNotify(BasicNotifierImpl.java:374)
	at org.eclipse.e4.ui.model.application.ui.impl.ElementContainerImpl.setSelectedElement(ElementContainerImpl.java:171)
	at org.eclipse.e4.ui.internal.workbench.ModelServiceImpl.showElementInWindow(ModelServiceImpl.java:494)
	at org.eclipse.e4.ui.internal.workbench.ModelServiceImpl.bringToTop(ModelServiceImpl.java:458)
	at org.eclipse.e4.ui.internal.workbench.PartServiceImpl.delegateBringToTop(PartServiceImpl.java:724)
	at org.eclipse.e4.ui.internal.workbench.PartServiceImpl.bringToTop(PartServiceImpl.java:396)
	at org.eclipse.e4.ui.internal.workbench.PartServiceImpl.showPart(PartServiceImpl.java:1166)
	at org.eclipse.ui.internal.WorkbenchPage.busyOpenEditor(WorkbenchPage.java:3234)
	at org.eclipse.ui.internal.WorkbenchPage.access$25(WorkbenchPage.java:3149)
	at org.eclipse.ui.internal.WorkbenchPage$10.run(WorkbenchPage.java:3131)
	at org.eclipse.swt.custom.BusyIndicator.showWhile(BusyIndicator.java:70)
	at org.eclipse.ui.internal.WorkbenchPage.openEditor(WorkbenchPage.java:3126)
	at org.eclipse.ui.internal.WorkbenchPage.openEditor(WorkbenchPage.java:3090)
	at org.eclipse.ui.internal.WorkbenchPage.openEditor(WorkbenchPage.java:3080)
	at org.eclipse.jdt.internal.ui.javaeditor.EditorUtility.openInEditor(EditorUtility.java:373)
	at org.eclipse.jdt.internal.ui.javaeditor.EditorUtility.openInEditor(EditorUtility.java:179)
	at org.eclipse.jdt.ui.actions.OpenAction.run(OpenAction.java:268)
	at org.eclipse.jdt.ui.actions.OpenAction.run(OpenAction.java:233)
	at org.eclipse.jdt.ui.actions.SelectionDispatchAction.dispatchRun(SelectionDispatchAction.java:275)
	at org.eclipse.jdt.ui.actions.SelectionDispatchAction.run(SelectionDispatchAction.java:251)
	at org.eclipse.jdt.internal.ui.packageview.PackageExplorerActionGroup.handleOpen(PackageExplorerActionGroup.java:376)
	at org.eclipse.jdt.internal.ui.packageview.PackageExplorerPart$4.open(PackageExplorerPart.java:538)
	at org.eclipse.ui.OpenAndLinkWithEditorHelper$InternalListener.open(OpenAndLinkWithEditorHelper.java:48)
	at org.eclipse.jface.viewers.StructuredViewer$2.run(StructuredViewer.java:854)
	at org.eclipse.core.runtime.SafeRunner.run(SafeRunner.java:42)
	at org.eclipse.ui.internal.JFaceUtil$1.run(JFaceUtil.java:50)
	at org.eclipse.jface.util.SafeRunnable.run(SafeRunnable.java:173)
	at org.eclipse.jface.viewers.StructuredViewer.fireOpen(StructuredViewer.java:851)
	at org.eclipse.jface.viewers.StructuredViewer.handleOpen(StructuredViewer.java:1168)
	at org.eclipse.jface.viewers.StructuredViewer$6.handleOpen(StructuredViewer.java:1275)
	at org.eclipse.jface.util.OpenStrategy.fireOpenEvent(OpenStrategy.java:278)
	at org.eclipse.jface.util.OpenStrategy.access$2(OpenStrategy.java:272)
	at org.eclipse.jface.util.OpenStrategy$1.handleEvent(OpenStrategy.java:313)
	at org.eclipse.swt.widgets.EventTable.sendEvent(EventTable.java:84)
	at org.eclipse.swt.widgets.Display.sendEvent(Display.java:4481)
	at org.eclipse.swt.widgets.Widget.sendEvent(Widget.java:1327)
	at org.eclipse.swt.widgets.Display.runDeferredEvents(Display.java:3819)
	at org.eclipse.swt.widgets.Display.readAndDispatch(Display.java:3430)
	at org.eclipse.e4.ui.internal.workbench.swt.PartRenderingEngine$4.run(PartRenderingEngine.java:1127)
	at org.eclipse.core.databinding.observable.Realm.runWithDefault(Realm.java:337)
	at org.eclipse.e4.ui.internal.workbench.swt.PartRenderingEngine.run(PartRenderingEngine.java:1018)
	at org.eclipse.e4.ui.internal.workbench.E4Workbench.createAndRunUI(E4Workbench.java:156)
	at org.eclipse.ui.internal.Workbench$5.run(Workbench.java:654)
	at org.eclipse.core.databinding.observable.Realm.runWithDefault(Realm.java:337)
	at org.eclipse.ui.internal.Workbench.createAndRunWorkbench(Workbench.java:598)
	at org.eclipse.ui.PlatformUI.createAndRunWorkbench(PlatformUI.java:150)
	at org.eclipse.ui.internal.ide.application.IDEApplication.start(IDEApplication.java:139)
	at org.eclipse.equinox.internal.app.EclipseAppHandle.run(EclipseAppHandle.java:196)
	at org.eclipse.core.runtime.internal.adaptor.EclipseAppLauncher.runApplication(EclipseAppLauncher.java:134)
	at org.eclipse.core.runtime.internal.adaptor.EclipseAppLauncher.start(EclipseAppLauncher.java:104)
	at org.eclipse.core.runtime.adaptor.EclipseStarter.run(EclipseStarter.java:380)
	at org.eclipse.core.runtime.adaptor.EclipseStarter.run(EclipseStarter.java:235)
	at sun.reflect.NativeMethodAccessorImpl.invoke0(Native Method)
	at sun.reflect.NativeMethodAccessorImpl.invoke(NativeMethodAccessorImpl.java:62)
	at sun.reflect.DelegatingMethodAccessorImpl.invoke(DelegatingMethodAccessorImpl.java:43)
	at java.lang.reflect.Method.invoke(Method.java:497)
	at org.eclipse.equinox.launcher.Main.invokeFramework(Main.java:669)
	at org.eclipse.equinox.launcher.Main.basicRun(Main.java:608)
	at org.eclipse.equinox.launcher.Main.run(Main.java:1515)
	at org.eclipse.equinox.launcher.Main.main(Main.java:1488)
Caused by: java.lang.ClassNotFoundException: An error occurred while automatically activating bundle org.scala-ide.sdt.debug (285).
	at org.eclipse.osgi.internal.hooks.EclipseLazyStarter.postFindLocalClass(EclipseLazyStarter.java:116)
	at org.eclipse.osgi.internal.loader.classpath.ClasspathManager.findLocalClass(ClasspathManager.java:531)
	at org.eclipse.osgi.internal.loader.ModuleClassLoader.findLocalClass(ModuleClassLoader.java:324)
	at org.eclipse.osgi.internal.loader.BundleLoader.findLocalClass(BundleLoader.java:327)
	at org.eclipse.osgi.internal.loader.BundleLoader.findClassInternal(BundleLoader.java:402)
	at org.eclipse.osgi.internal.loader.BundleLoader.findClass(BundleLoader.java:352)
	at org.eclipse.osgi.internal.loader.BundleLoader.findClass(BundleLoader.java:344)
	at org.eclipse.osgi.internal.loader.ModuleClassLoader.loadClass(ModuleClassLoader.java:160)
	at java.lang.ClassLoader.loadClass(ClassLoader.java:357)
	at org.eclipse.osgi.internal.framework.EquinoxBundle.loadClass(EquinoxBundle.java:573)
	at org.eclipse.core.internal.registry.osgi.RegistryStrategyOSGI.createExecutableExtension(RegistryStrategyOSGI.java:174)
	at org.eclipse.core.internal.registry.ExtensionRegistry.createExecutableExtension(ExtensionRegistry.java:905)
	at org.eclipse.core.internal.registry.ConfigurationElement.createExecutableExtension(ConfigurationElement.java:243)
	at org.eclipse.core.internal.registry.ConfigurationElementHandle.createExecutableExtension(ConfigurationElementHandle.java:55)
	at org.eclipse.ui.internal.WorkbenchPlugin$1.run(WorkbenchPlugin.java:293)
	at org.eclipse.swt.custom.BusyIndicator.showWhile(BusyIndicator.java:52)
	at org.eclipse.ui.internal.WorkbenchPlugin.createExtension(WorkbenchPlugin.java:288)
	at org.eclipse.ui.internal.EarlyStartupRunnable.getExecutableExtension(EarlyStartupRunnable.java:120)
	at org.eclipse.ui.internal.EarlyStartupRunnable.run(EarlyStartupRunnable.java:68)
	at org.eclipse.core.runtime.SafeRunner.run(SafeRunner.java:42)
	at org.eclipse.ui.internal.Workbench$56.run(Workbench.java:2812)
	at org.eclipse.core.internal.jobs.Worker.run(Worker.java:55)
Caused by: org.osgi.framework.BundleException: Exception in org.scalaide.debug.internal.ScalaDebugPlugin.start() of bundle org.scala-ide.sdt.debug.
	at org.eclipse.osgi.internal.framework.BundleContextImpl.startActivator(BundleContextImpl.java:792)
	at org.eclipse.osgi.internal.framework.BundleContextImpl.start(BundleContextImpl.java:721)
	at org.eclipse.osgi.internal.framework.EquinoxBundle.startWorker0(EquinoxBundle.java:941)
	at org.eclipse.osgi.internal.framework.EquinoxBundle$EquinoxModule.startWorker(EquinoxBundle.java:318)
	at org.eclipse.osgi.container.Module.doStart(Module.java:571)
	at org.eclipse.osgi.container.Module.start(Module.java:439)
	at org.eclipse.osgi.framework.util.SecureAction.start(SecureAction.java:454)
	at org.eclipse.osgi.internal.hooks.EclipseLazyStarter.postFindLocalClass(EclipseLazyStarter.java:107)
	... 21 more
Caused by: java.util.ConcurrentModificationException
	at java.util.ArrayList$Itr.checkForComodification(ArrayList.java:901)
	at java.util.ArrayList$Itr.next(ArrayList.java:851)
	at org.eclipse.e4.ui.workbench.renderers.swt.ToolItemUpdater.updateContributionItems(ToolItemUpdater.java:34)
	at org.eclipse.e4.ui.workbench.renderers.swt.ToolBarManagerRenderer$3.changed(ToolBarManagerRenderer.java:360)
	at org.eclipse.e4.core.internal.contexts.TrackableComputationExt.update(TrackableComputationExt.java:114)
	at org.eclipse.e4.core.internal.contexts.EclipseContext.processScheduled(EclipseContext.java:341)
	at org.eclipse.e4.core.internal.contexts.EclipseContext.set(EclipseContext.java:356)
	at org.eclipse.ui.internal.services.EvaluationService.contextEvaluate(EvaluationService.java:139)
	at org.eclipse.ui.internal.services.EvaluationService.addSourceProvider(EvaluationService.java:180)
	at org.eclipse.debug.internal.ui.contexts.DebugContextSourceProvider.<init>(DebugContextSourceProvider.java:51)
	at org.eclipse.debug.internal.ui.contexts.DebugWindowContextService.<init>(DebugWindowContextService.java:62)
	at org.eclipse.debug.internal.ui.contexts.DebugContextManager.createService(DebugContextManager.java:163)
	at org.eclipse.debug.internal.ui.contexts.DebugContextManager.getContextService(DebugContextManager.java:221)
	at org.eclipse.debug.internal.ui.views.ViewContextService.<init>(ViewContextService.java:627)
	at org.eclipse.debug.internal.ui.views.ViewContextManager.windowOpened(ViewContextManager.java:93)
	at org.eclipse.debug.internal.ui.views.ViewContextManager.<init>(ViewContextManager.java:55)
	at org.eclipse.debug.internal.ui.views.ViewContextManager.getDefault(ViewContextManager.java:44)
	at org.eclipse.debug.internal.ui.contexts.DebugContextManager.getDefault(DebugContextManager.java:150)
	at org.scalaide.debug.internal.ScalaDebugger$ScalaDebuggerContextListener$.register(ScalaDebugger.scala:80)
	at org.scalaide.debug.internal.ScalaDebugger$.init(ScalaDebugger.scala:68)
	at org.scalaide.debug.internal.ScalaDebugPlugin.start(ScalaDebugPlugin.scala:26)
	at org.eclipse.osgi.internal.framework.BundleContextImpl$3.run(BundleContextImpl.java:771)
	at org.eclipse.osgi.internal.framework.BundleContextImpl$3.run(BundleContextImpl.java:1)
	at java.security.AccessController.doPrivileged(Native Method)
	at org.eclipse.osgi.internal.framework.BundleContextImpl.startActivator(BundleContextImpl.java:764)
	... 28 more
2016-05-08 18:12:41,196 ERROR [main] - org.scala-ide.sdt.core - org.scala-ide.sdt.core - org.scala-ide.sdt.core - 0 - Couldn't create extension of scalaHoverDebugOverride extension point. Check the previous stack trace for more information.
2016-05-08 19:02:11,826  WARN [main] - org.scala-ide.sdt.core - org.scala-ide.sdt.core - org.scala-ide.sdt.core - 0 - Preference scala.compiler.sourceLevel was uninitialized for client, setting default to 2.11.
2016-05-08 19:02:11,840  WARN [main] - org.scala-ide.sdt.core - org.scala-ide.sdt.core - org.scala-ide.sdt.core - 0 - Preference scala.compiler.installation was uninitialized for client, setting default to 2.11.
2016-05-08 19:29:26,416 ERROR [Text Viewer Hover Presenter] - IScalaPresentationCompiler$ - Ignoring InterruptException
2016-05-08 19:29:26,417 ERROR [Text Viewer Hover Presenter] - IScalaPresentationCompiler$ - Ignoring InterruptException
2016-05-08 19:29:26,417 ERROR [Text Viewer Hover Presenter] - IScalaPresentationCompiler$ - Ignoring InterruptException
2016-05-08 19:41:20,629 ERROR [Text Viewer Hover Presenter] - IScalaPresentationCompiler$ - Ignoring InterruptException
2016-05-08 19:41:20,635 ERROR [Text Viewer Hover Presenter] - IScalaPresentationCompiler$ - Ignoring InterruptException
2016-05-08 19:41:20,635 ERROR [Text Viewer Hover Presenter] - IScalaPresentationCompiler$ - Ignoring InterruptException
2016-05-08 19:41:20,635 ERROR [Text Viewer Hover Presenter] - IScalaPresentationCompiler$ - Ignoring InterruptException
2016-05-08 19:44:18,242  WARN [org.scalaide.ui.internal.reconciliation.ScalaReconciler] - TraverserImpl$ - Skipping annotation, position length = 0, position offset = 1773
2016-05-08 19:44:26,828  WARN [org.scalaide.ui.internal.reconciliation.ScalaReconciler] - TraverserImpl$ - Skipping annotation, position length = 0, position offset = 1773
2016-05-08 19:44:28,873  WARN [org.scalaide.ui.internal.reconciliation.ScalaReconciler] - TraverserImpl$ - Skipping annotation, position length = 0, position offset = 1773
2016-05-08 19:46:16,237  WARN [org.scalaide.ui.internal.reconciliation.ScalaReconciler] - TraverserImpl$ - Skipping annotation, position length = 0, position offset = 1781
2016-05-08 19:46:32,599 ERROR [Text Viewer Hover Presenter] - IScalaPresentationCompiler$ - Ignoring InterruptException
2016-05-08 19:46:32,600 ERROR [Text Viewer Hover Presenter] - IScalaPresentationCompiler$ - Ignoring InterruptException
2016-05-08 19:46:32,600 ERROR [Text Viewer Hover Presenter] - IScalaPresentationCompiler$ - Ignoring InterruptException
2016-05-08 19:50:46,950  WARN [org.scalaide.ui.internal.reconciliation.ScalaReconciler] - TraverserImpl$ - Skipping annotation, position length = 0, position offset = 450
2016-05-08 19:51:31,046  WARN [org.scalaide.ui.internal.reconciliation.ScalaReconciler] - TraverserImpl$ - Skipping annotation, position length = 0, position offset = 485
2016-05-08 19:51:36,623  WARN [org.scalaide.ui.internal.reconciliation.ScalaReconciler] - TraverserImpl$ - Skipping annotation, position length = 0, position offset = 449
2016-05-08 19:51:56,488  WARN [org.scalaide.ui.internal.reconciliation.ScalaReconciler] - TraverserImpl$ - Skipping annotation, position length = 0, position offset = 498
2016-05-08 19:51:56,490  WARN [org.scalaide.ui.internal.reconciliation.ScalaReconciler] - TraverserImpl$ - Skipping annotation, position length = 0, position offset = 498
2016-05-08 19:52:13,743  WARN [org.scalaide.ui.internal.reconciliation.ScalaReconciler] - TraverserImpl$ - Skipping annotation, position length = 0, position offset = 498
2016-05-08 19:52:13,745  WARN [org.scalaide.ui.internal.reconciliation.ScalaReconciler] - TraverserImpl$ - Skipping annotation, position length = 0, position offset = 498
2016-05-08 19:55:38,828  WARN [org.scalaide.ui.internal.reconciliation.ScalaReconciler] - TraverserImpl$ - Skipping annotation, position length = 0, position offset = 1882
2016-05-08 20:09:32,984 ERROR [main] - org.scala-ide.sdt.core - org.scala-ide.sdt.core - org.scala-ide.sdt.core - 0 - Error in Scala compiler
java.lang.IllegalArgumentException: requirement failed: Source file '/users/elegros/projectFinal/server/target/scala-2.11/classes/models/Queries$$anonfun$tasks$3.class' does not exist.
	at scala.Predef$.require(Predef.scala:219)
	at sbt.IO$.copyFile(IO.scala:583)
	at sbt.IO$.move(IO.scala:786)
	at sbt.inc.ClassfileManager$$anonfun$transactional$1$$anon$2.sbt$inc$ClassfileManager$$anonfun$$anon$$move(ClassfileManager.scala:75)
	at sbt.inc.ClassfileManager$$anonfun$transactional$1$$anon$2$$anonfun$delete$3.apply(ClassfileManager.scala:52)
	at sbt.inc.ClassfileManager$$anonfun$transactional$1$$anon$2$$anonfun$delete$3.apply(ClassfileManager.scala:51)
	at scala.collection.immutable.HashSet$HashSet1.foreach(HashSet.scala:322)
	at scala.collection.immutable.HashSet$HashTrieSet.foreach(HashSet.scala:978)
	at scala.collection.immutable.HashSet$HashTrieSet.foreach(HashSet.scala:978)
	at sbt.inc.ClassfileManager$$anonfun$transactional$1$$anon$2.delete(ClassfileManager.scala:51)
	at sbt.inc.Incremental$.prune(Incremental.scala:59)
	at sbt.inc.IncrementalCommon.cycle(IncrementalCommon.scala:28)
	at sbt.inc.Incremental$$anonfun$1.apply(Incremental.scala:39)
	at sbt.inc.Incremental$$anonfun$1.apply(Incremental.scala:38)
	at sbt.inc.Incremental$.manageClassfiles(Incremental.scala:66)
	at sbt.inc.Incremental$.compile(Incremental.scala:38)
	at sbt.inc.IncrementalCompile$.apply(Compile.scala:26)
	at sbt.compiler.AggressiveCompile.compile2(AggressiveCompile.scala:153)
	at sbt.compiler.AggressiveCompile.compile1(AggressiveCompile.scala:70)
	at sbt.compiler.AggressiveCompile.apply(AggressiveCompile.scala:45)
	at org.scalaide.core.internal.builder.zinc.EclipseSbtBuildManager.aggressiveCompile(EclipseSbtBuildManager.scala:213)
	at org.scalaide.core.internal.builder.zinc.EclipseSbtBuildManager.runCompiler(EclipseSbtBuildManager.scala:142)
	at org.scalaide.core.internal.builder.zinc.EclipseSbtBuildManager.update(EclipseSbtBuildManager.scala:127)
	at org.scalaide.core.internal.builder.zinc.EclipseSbtBuildManager.build(EclipseSbtBuildManager.scala:87)
	at org.scalaide.core.internal.project.scopes.BuildScopeUnit.build(BuildScopeUnit.scala:57)
	at org.scalaide.core.internal.project.SbtScopesBuildManager$$anonfun$build$1.apply(SbtScopesBuildManager.scala:47)
	at org.scalaide.core.internal.project.SbtScopesBuildManager$$anonfun$build$1.apply(SbtScopesBuildManager.scala:43)
	at scala.collection.immutable.List.foreach(List.scala:381)
	at org.scalaide.core.internal.project.SbtScopesBuildManager.build(SbtScopesBuildManager.scala:43)
	at org.scalaide.core.internal.project.ScalaProject.build(ScalaProject.scala:591)
	at org.scalaide.core.internal.builder.ScalaBuilder.build(ScalaBuilder.scala:119)
	at org.eclipse.core.internal.events.BuildManager$2.run(BuildManager.java:734)
	at org.eclipse.core.runtime.SafeRunner.run(SafeRunner.java:42)
	at org.eclipse.core.internal.events.BuildManager.basicBuild(BuildManager.java:205)
	at org.eclipse.core.internal.events.BuildManager.basicBuild(BuildManager.java:245)
	at org.eclipse.core.internal.events.BuildManager$1.run(BuildManager.java:300)
	at org.eclipse.core.runtime.SafeRunner.run(SafeRunner.java:42)
	at org.eclipse.core.internal.events.BuildManager.basicBuild(BuildManager.java:303)
	at org.eclipse.core.internal.events.BuildManager.basicBuildLoop(BuildManager.java:359)
	at org.eclipse.core.internal.events.BuildManager.build(BuildManager.java:382)
	at org.eclipse.core.internal.events.AutoBuildJob.doBuild(AutoBuildJob.java:144)
	at org.eclipse.core.internal.events.AutoBuildJob.run(AutoBuildJob.java:235)
	at org.eclipse.core.internal.jobs.Worker.run(Worker.java:55)
2016-05-08 20:09:40,879 ERROR [main] - org.scala-ide.sdt.core - org.scala-ide.sdt.core - org.scala-ide.sdt.core - 0 - Error in Scala compiler
java.lang.IllegalArgumentException: requirement failed: Source file '/users/elegros/projectFinal/server/target/scala-2.11/classes/models/Task$.class' does not exist.
	at scala.Predef$.require(Predef.scala:219)
	at sbt.IO$.copyFile(IO.scala:583)
	at sbt.IO$.move(IO.scala:786)
	at sbt.inc.ClassfileManager$$anonfun$transactional$1$$anon$2.sbt$inc$ClassfileManager$$anonfun$$anon$$move(ClassfileManager.scala:75)
	at sbt.inc.ClassfileManager$$anonfun$transactional$1$$anon$2$$anonfun$delete$3.apply(ClassfileManager.scala:52)
	at sbt.inc.ClassfileManager$$anonfun$transactional$1$$anon$2$$anonfun$delete$3.apply(ClassfileManager.scala:51)
	at scala.collection.immutable.HashSet$HashSet1.foreach(HashSet.scala:322)
	at scala.collection.immutable.HashSet$HashTrieSet.foreach(HashSet.scala:978)
	at sbt.inc.ClassfileManager$$anonfun$transactional$1$$anon$2.delete(ClassfileManager.scala:51)
	at sbt.inc.Incremental$.prune(Incremental.scala:59)
	at sbt.inc.IncrementalCommon.cycle(IncrementalCommon.scala:28)
	at sbt.inc.Incremental$$anonfun$1.apply(Incremental.scala:39)
	at sbt.inc.Incremental$$anonfun$1.apply(Incremental.scala:38)
	at sbt.inc.Incremental$.manageClassfiles(Incremental.scala:66)
	at sbt.inc.Incremental$.compile(Incremental.scala:38)
	at sbt.inc.IncrementalCompile$.apply(Compile.scala:26)
	at sbt.compiler.AggressiveCompile.compile2(AggressiveCompile.scala:153)
	at sbt.compiler.AggressiveCompile.compile1(AggressiveCompile.scala:70)
	at sbt.compiler.AggressiveCompile.apply(AggressiveCompile.scala:45)
	at org.scalaide.core.internal.builder.zinc.EclipseSbtBuildManager.aggressiveCompile(EclipseSbtBuildManager.scala:213)
	at org.scalaide.core.internal.builder.zinc.EclipseSbtBuildManager.runCompiler(EclipseSbtBuildManager.scala:142)
	at org.scalaide.core.internal.builder.zinc.EclipseSbtBuildManager.update(EclipseSbtBuildManager.scala:127)
	at org.scalaide.core.internal.builder.zinc.EclipseSbtBuildManager.build(EclipseSbtBuildManager.scala:87)
	at org.scalaide.core.internal.project.scopes.BuildScopeUnit.build(BuildScopeUnit.scala:57)
	at org.scalaide.core.internal.project.SbtScopesBuildManager$$anonfun$build$1.apply(SbtScopesBuildManager.scala:47)
	at org.scalaide.core.internal.project.SbtScopesBuildManager$$anonfun$build$1.apply(SbtScopesBuildManager.scala:43)
	at scala.collection.immutable.List.foreach(List.scala:381)
	at org.scalaide.core.internal.project.SbtScopesBuildManager.build(SbtScopesBuildManager.scala:43)
	at org.scalaide.core.internal.project.ScalaProject.build(ScalaProject.scala:591)
	at org.scalaide.core.internal.builder.ScalaBuilder.build(ScalaBuilder.scala:119)
	at org.eclipse.core.internal.events.BuildManager$2.run(BuildManager.java:734)
	at org.eclipse.core.runtime.SafeRunner.run(SafeRunner.java:42)
	at org.eclipse.core.internal.events.BuildManager.basicBuild(BuildManager.java:205)
	at org.eclipse.core.internal.events.BuildManager.basicBuild(BuildManager.java:245)
	at org.eclipse.core.internal.events.BuildManager$1.run(BuildManager.java:300)
	at org.eclipse.core.runtime.SafeRunner.run(SafeRunner.java:42)
	at org.eclipse.core.internal.events.BuildManager.basicBuild(BuildManager.java:303)
	at org.eclipse.core.internal.events.BuildManager.basicBuildLoop(BuildManager.java:359)
	at org.eclipse.core.internal.events.BuildManager.build(BuildManager.java:382)
	at org.eclipse.core.internal.events.AutoBuildJob.doBuild(AutoBuildJob.java:144)
	at org.eclipse.core.internal.events.AutoBuildJob.run(AutoBuildJob.java:235)
	at org.eclipse.core.internal.jobs.Worker.run(Worker.java:55)
2016-05-08 20:12:55,995 ERROR [Text Viewer Hover Presenter] - IScalaPresentationCompiler$ - Ignoring InterruptException
2016-05-08 20:12:55,995 ERROR [Text Viewer Hover Presenter] - IScalaPresentationCompiler$ - Ignoring InterruptException
2016-05-08 20:16:35,652 ERROR [main] - org.scala-ide.sdt.core - org.scala-ide.sdt.core - org.scala-ide.sdt.core - 0 - Error in Scala compiler
java.lang.IllegalArgumentException: requirement failed: Source file '/users/elegros/projectFinal/server/target/scala-2.11/classes/models/Line$$anonfun$poll$1.class' does not exist.
	at scala.Predef$.require(Predef.scala:219)
	at sbt.IO$.copyFile(IO.scala:583)
	at sbt.IO$.move(IO.scala:786)
	at sbt.inc.ClassfileManager$$anonfun$transactional$1$$anon$2.sbt$inc$ClassfileManager$$anonfun$$anon$$move(ClassfileManager.scala:75)
	at sbt.inc.ClassfileManager$$anonfun$transactional$1$$anon$2$$anonfun$delete$3.apply(ClassfileManager.scala:52)
	at sbt.inc.ClassfileManager$$anonfun$transactional$1$$anon$2$$anonfun$delete$3.apply(ClassfileManager.scala:51)
	at scala.collection.immutable.HashSet$HashSet1.foreach(HashSet.scala:322)
	at scala.collection.immutable.HashSet$HashTrieSet.foreach(HashSet.scala:978)
	at sbt.inc.ClassfileManager$$anonfun$transactional$1$$anon$2.delete(ClassfileManager.scala:51)
	at sbt.inc.Incremental$.prune(Incremental.scala:59)
	at sbt.inc.IncrementalCommon.cycle(IncrementalCommon.scala:28)
	at sbt.inc.Incremental$$anonfun$1.apply(Incremental.scala:39)
	at sbt.inc.Incremental$$anonfun$1.apply(Incremental.scala:38)
	at sbt.inc.Incremental$.manageClassfiles(Incremental.scala:66)
	at sbt.inc.Incremental$.compile(Incremental.scala:38)
	at sbt.inc.IncrementalCompile$.apply(Compile.scala:26)
	at sbt.compiler.AggressiveCompile.compile2(AggressiveCompile.scala:153)
	at sbt.compiler.AggressiveCompile.compile1(AggressiveCompile.scala:70)
	at sbt.compiler.AggressiveCompile.apply(AggressiveCompile.scala:45)
	at org.scalaide.core.internal.builder.zinc.EclipseSbtBuildManager.aggressiveCompile(EclipseSbtBuildManager.scala:213)
	at org.scalaide.core.internal.builder.zinc.EclipseSbtBuildManager.runCompiler(EclipseSbtBuildManager.scala:142)
	at org.scalaide.core.internal.builder.zinc.EclipseSbtBuildManager.update(EclipseSbtBuildManager.scala:127)
	at org.scalaide.core.internal.builder.zinc.EclipseSbtBuildManager.build(EclipseSbtBuildManager.scala:87)
	at org.scalaide.core.internal.project.scopes.BuildScopeUnit.build(BuildScopeUnit.scala:57)
	at org.scalaide.core.internal.project.SbtScopesBuildManager$$anonfun$build$1.apply(SbtScopesBuildManager.scala:47)
	at org.scalaide.core.internal.project.SbtScopesBuildManager$$anonfun$build$1.apply(SbtScopesBuildManager.scala:43)
	at scala.collection.immutable.List.foreach(List.scala:381)
	at org.scalaide.core.internal.project.SbtScopesBuildManager.build(SbtScopesBuildManager.scala:43)
	at org.scalaide.core.internal.project.ScalaProject.build(ScalaProject.scala:591)
	at org.scalaide.core.internal.builder.ScalaBuilder.build(ScalaBuilder.scala:119)
	at org.eclipse.core.internal.events.BuildManager$2.run(BuildManager.java:734)
	at org.eclipse.core.runtime.SafeRunner.run(SafeRunner.java:42)
	at org.eclipse.core.internal.events.BuildManager.basicBuild(BuildManager.java:205)
	at org.eclipse.core.internal.events.BuildManager.basicBuild(BuildManager.java:245)
	at org.eclipse.core.internal.events.BuildManager$1.run(BuildManager.java:300)
	at org.eclipse.core.runtime.SafeRunner.run(SafeRunner.java:42)
	at org.eclipse.core.internal.events.BuildManager.basicBuild(BuildManager.java:303)
	at org.eclipse.core.internal.events.BuildManager.basicBuildLoop(BuildManager.java:359)
	at org.eclipse.core.internal.events.BuildManager.build(BuildManager.java:382)
	at org.eclipse.core.internal.events.AutoBuildJob.doBuild(AutoBuildJob.java:144)
	at org.eclipse.core.internal.events.AutoBuildJob.run(AutoBuildJob.java:235)
	at org.eclipse.core.internal.jobs.Worker.run(Worker.java:55)
2016-05-08 20:22:57,770 ERROR [main] - org.scala-ide.sdt.core - org.scala-ide.sdt.core - org.scala-ide.sdt.core - 0 - Error in Scala compiler
java.lang.IllegalArgumentException: requirement failed: Source file '/users/elegros/projectFinal/server/target/scala-2.11/classes/models/Player$.class' does not exist.
	at scala.Predef$.require(Predef.scala:219)
	at sbt.IO$.copyFile(IO.scala:583)
	at sbt.IO$.move(IO.scala:786)
	at sbt.inc.ClassfileManager$$anonfun$transactional$1$$anon$2.sbt$inc$ClassfileManager$$anonfun$$anon$$move(ClassfileManager.scala:75)
	at sbt.inc.ClassfileManager$$anonfun$transactional$1$$anon$2$$anonfun$delete$3.apply(ClassfileManager.scala:52)
	at sbt.inc.ClassfileManager$$anonfun$transactional$1$$anon$2$$anonfun$delete$3.apply(ClassfileManager.scala:51)
	at scala.collection.immutable.HashSet$HashSet1.foreach(HashSet.scala:322)
	at scala.collection.immutable.HashSet$HashTrieSet.foreach(HashSet.scala:978)
	at scala.collection.immutable.HashSet$HashTrieSet.foreach(HashSet.scala:978)
	at sbt.inc.ClassfileManager$$anonfun$transactional$1$$anon$2.delete(ClassfileManager.scala:51)
	at sbt.inc.Incremental$.prune(Incremental.scala:59)
	at sbt.inc.IncrementalCommon.cycle(IncrementalCommon.scala:28)
	at sbt.inc.Incremental$$anonfun$1.apply(Incremental.scala:39)
	at sbt.inc.Incremental$$anonfun$1.apply(Incremental.scala:38)
	at sbt.inc.Incremental$.manageClassfiles(Incremental.scala:66)
	at sbt.inc.Incremental$.compile(Incremental.scala:38)
	at sbt.inc.IncrementalCompile$.apply(Compile.scala:26)
	at sbt.compiler.AggressiveCompile.compile2(AggressiveCompile.scala:153)
	at sbt.compiler.AggressiveCompile.compile1(AggressiveCompile.scala:70)
	at sbt.compiler.AggressiveCompile.apply(AggressiveCompile.scala:45)
	at org.scalaide.core.internal.builder.zinc.EclipseSbtBuildManager.aggressiveCompile(EclipseSbtBuildManager.scala:213)
	at org.scalaide.core.internal.builder.zinc.EclipseSbtBuildManager.runCompiler(EclipseSbtBuildManager.scala:142)
	at org.scalaide.core.internal.builder.zinc.EclipseSbtBuildManager.update(EclipseSbtBuildManager.scala:127)
	at org.scalaide.core.internal.builder.zinc.EclipseSbtBuildManager.build(EclipseSbtBuildManager.scala:87)
	at org.scalaide.core.internal.project.scopes.BuildScopeUnit.build(BuildScopeUnit.scala:57)
	at org.scalaide.core.internal.project.SbtScopesBuildManager$$anonfun$build$1.apply(SbtScopesBuildManager.scala:47)
	at org.scalaide.core.internal.project.SbtScopesBuildManager$$anonfun$build$1.apply(SbtScopesBuildManager.scala:43)
	at scala.collection.immutable.List.foreach(List.scala:381)
	at org.scalaide.core.internal.project.SbtScopesBuildManager.build(SbtScopesBuildManager.scala:43)
	at org.scalaide.core.internal.project.ScalaProject.build(ScalaProject.scala:591)
	at org.scalaide.core.internal.builder.ScalaBuilder.build(ScalaBuilder.scala:119)
	at org.eclipse.core.internal.events.BuildManager$2.run(BuildManager.java:734)
	at org.eclipse.core.runtime.SafeRunner.run(SafeRunner.java:42)
	at org.eclipse.core.internal.events.BuildManager.basicBuild(BuildManager.java:205)
	at org.eclipse.core.internal.events.BuildManager.basicBuild(BuildManager.java:245)
	at org.eclipse.core.internal.events.BuildManager$1.run(BuildManager.java:300)
	at org.eclipse.core.runtime.SafeRunner.run(SafeRunner.java:42)
	at org.eclipse.core.internal.events.BuildManager.basicBuild(BuildManager.java:303)
	at org.eclipse.core.internal.events.BuildManager.basicBuildLoop(BuildManager.java:359)
	at org.eclipse.core.internal.events.BuildManager.build(BuildManager.java:382)
	at org.eclipse.core.internal.events.AutoBuildJob.doBuild(AutoBuildJob.java:144)
	at org.eclipse.core.internal.events.AutoBuildJob.run(AutoBuildJob.java:235)
	at org.eclipse.core.internal.jobs.Worker.run(Worker.java:55)
2016-05-08 20:22:59,314 ERROR [main] - org.scala-ide.sdt.core - org.scala-ide.sdt.core - org.scala-ide.sdt.core - 0 - Error in Scala compiler
java.lang.IllegalArgumentException: requirement failed: Source file '/users/elegros/projectFinal/server/target/scala-2.11/classes/controllers/Application$$anonfun$getPlayers$1.class' does not exist.
	at scala.Predef$.require(Predef.scala:219)
	at sbt.IO$.copyFile(IO.scala:583)
	at sbt.IO$.move(IO.scala:786)
	at sbt.inc.ClassfileManager$$anonfun$transactional$1$$anon$2.sbt$inc$ClassfileManager$$anonfun$$anon$$move(ClassfileManager.scala:75)
	at sbt.inc.ClassfileManager$$anonfun$transactional$1$$anon$2$$anonfun$delete$3.apply(ClassfileManager.scala:52)
	at sbt.inc.ClassfileManager$$anonfun$transactional$1$$anon$2$$anonfun$delete$3.apply(ClassfileManager.scala:51)
	at scala.collection.immutable.HashSet$HashSet1.foreach(HashSet.scala:322)
	at scala.collection.immutable.HashSet$HashTrieSet.foreach(HashSet.scala:978)
	at sbt.inc.ClassfileManager$$anonfun$transactional$1$$anon$2.delete(ClassfileManager.scala:51)
	at sbt.inc.Incremental$.prune(Incremental.scala:59)
	at sbt.inc.IncrementalCommon.cycle(IncrementalCommon.scala:28)
	at sbt.inc.Incremental$$anonfun$1.apply(Incremental.scala:39)
	at sbt.inc.Incremental$$anonfun$1.apply(Incremental.scala:38)
	at sbt.inc.Incremental$.manageClassfiles(Incremental.scala:66)
	at sbt.inc.Incremental$.compile(Incremental.scala:38)
	at sbt.inc.IncrementalCompile$.apply(Compile.scala:26)
	at sbt.compiler.AggressiveCompile.compile2(AggressiveCompile.scala:153)
	at sbt.compiler.AggressiveCompile.compile1(AggressiveCompile.scala:70)
	at sbt.compiler.AggressiveCompile.apply(AggressiveCompile.scala:45)
	at org.scalaide.core.internal.builder.zinc.EclipseSbtBuildManager.aggressiveCompile(EclipseSbtBuildManager.scala:213)
	at org.scalaide.core.internal.builder.zinc.EclipseSbtBuildManager.runCompiler(EclipseSbtBuildManager.scala:142)
	at org.scalaide.core.internal.builder.zinc.EclipseSbtBuildManager.update(EclipseSbtBuildManager.scala:127)
	at org.scalaide.core.internal.builder.zinc.EclipseSbtBuildManager.build(EclipseSbtBuildManager.scala:87)
	at org.scalaide.core.internal.project.scopes.BuildScopeUnit.build(BuildScopeUnit.scala:57)
	at org.scalaide.core.internal.project.SbtScopesBuildManager$$anonfun$build$1.apply(SbtScopesBuildManager.scala:47)
	at org.scalaide.core.internal.project.SbtScopesBuildManager$$anonfun$build$1.apply(SbtScopesBuildManager.scala:43)
	at scala.collection.immutable.List.foreach(List.scala:381)
	at org.scalaide.core.internal.project.SbtScopesBuildManager.build(SbtScopesBuildManager.scala:43)
	at org.scalaide.core.internal.project.ScalaProject.build(ScalaProject.scala:591)
	at org.scalaide.core.internal.builder.ScalaBuilder.build(ScalaBuilder.scala:119)
	at org.eclipse.core.internal.events.BuildManager$2.run(BuildManager.java:734)
	at org.eclipse.core.runtime.SafeRunner.run(SafeRunner.java:42)
	at org.eclipse.core.internal.events.BuildManager.basicBuild(BuildManager.java:205)
	at org.eclipse.core.internal.events.BuildManager.basicBuild(BuildManager.java:245)
	at org.eclipse.core.internal.events.BuildManager$1.run(BuildManager.java:300)
	at org.eclipse.core.runtime.SafeRunner.run(SafeRunner.java:42)
	at org.eclipse.core.internal.events.BuildManager.basicBuild(BuildManager.java:303)
	at org.eclipse.core.internal.events.BuildManager.basicBuildLoop(BuildManager.java:359)
	at org.eclipse.core.internal.events.BuildManager.build(BuildManager.java:382)
	at org.eclipse.core.internal.events.AutoBuildJob.doBuild(AutoBuildJob.java:144)
	at org.eclipse.core.internal.events.AutoBuildJob.run(AutoBuildJob.java:235)
	at org.eclipse.core.internal.jobs.Worker.run(Worker.java:55)
2016-05-08 20:23:09,538 ERROR [main] - org.scala-ide.sdt.core - org.scala-ide.sdt.core - org.scala-ide.sdt.core - 0 - Error in Scala compiler
java.lang.IllegalArgumentException: requirement failed: Source file '/users/elegros/projectFinal/server/target/scala-2.11/classes/controllers/Application$$anonfun$getPlayers$1.class' does not exist.
	at scala.Predef$.require(Predef.scala:219)
	at sbt.IO$.copyFile(IO.scala:583)
	at sbt.IO$.move(IO.scala:786)
	at sbt.inc.ClassfileManager$$anonfun$transactional$1$$anon$2.sbt$inc$ClassfileManager$$anonfun$$anon$$move(ClassfileManager.scala:75)
	at sbt.inc.ClassfileManager$$anonfun$transactional$1$$anon$2$$anonfun$delete$3.apply(ClassfileManager.scala:52)
	at sbt.inc.ClassfileManager$$anonfun$transactional$1$$anon$2$$anonfun$delete$3.apply(ClassfileManager.scala:51)
	at scala.collection.immutable.HashSet$HashSet1.foreach(HashSet.scala:322)
	at scala.collection.immutable.HashSet$HashTrieSet.foreach(HashSet.scala:978)
	at sbt.inc.ClassfileManager$$anonfun$transactional$1$$anon$2.delete(ClassfileManager.scala:51)
	at sbt.inc.Incremental$.prune(Incremental.scala:59)
	at sbt.inc.IncrementalCommon.cycle(IncrementalCommon.scala:28)
	at sbt.inc.Incremental$$anonfun$1.apply(Incremental.scala:39)
	at sbt.inc.Incremental$$anonfun$1.apply(Incremental.scala:38)
	at sbt.inc.Incremental$.manageClassfiles(Incremental.scala:66)
	at sbt.inc.Incremental$.compile(Incremental.scala:38)
	at sbt.inc.IncrementalCompile$.apply(Compile.scala:26)
	at sbt.compiler.AggressiveCompile.compile2(AggressiveCompile.scala:153)
	at sbt.compiler.AggressiveCompile.compile1(AggressiveCompile.scala:70)
	at sbt.compiler.AggressiveCompile.apply(AggressiveCompile.scala:45)
	at org.scalaide.core.internal.builder.zinc.EclipseSbtBuildManager.aggressiveCompile(EclipseSbtBuildManager.scala:213)
	at org.scalaide.core.internal.builder.zinc.EclipseSbtBuildManager.runCompiler(EclipseSbtBuildManager.scala:142)
	at org.scalaide.core.internal.builder.zinc.EclipseSbtBuildManager.update(EclipseSbtBuildManager.scala:127)
	at org.scalaide.core.internal.builder.zinc.EclipseSbtBuildManager.build(EclipseSbtBuildManager.scala:87)
	at org.scalaide.core.internal.project.scopes.BuildScopeUnit.build(BuildScopeUnit.scala:57)
	at org.scalaide.core.internal.project.SbtScopesBuildManager$$anonfun$build$1.apply(SbtScopesBuildManager.scala:47)
	at org.scalaide.core.internal.project.SbtScopesBuildManager$$anonfun$build$1.apply(SbtScopesBuildManager.scala:43)
	at scala.collection.immutable.List.foreach(List.scala:381)
	at org.scalaide.core.internal.project.SbtScopesBuildManager.build(SbtScopesBuildManager.scala:43)
	at org.scalaide.core.internal.project.ScalaProject.build(ScalaProject.scala:591)
	at org.scalaide.core.internal.builder.ScalaBuilder.build(ScalaBuilder.scala:119)
	at org.eclipse.core.internal.events.BuildManager$2.run(BuildManager.java:734)
	at org.eclipse.core.runtime.SafeRunner.run(SafeRunner.java:42)
	at org.eclipse.core.internal.events.BuildManager.basicBuild(BuildManager.java:205)
	at org.eclipse.core.internal.events.BuildManager.basicBuild(BuildManager.java:245)
	at org.eclipse.core.internal.events.BuildManager$1.run(BuildManager.java:300)
	at org.eclipse.core.runtime.SafeRunner.run(SafeRunner.java:42)
	at org.eclipse.core.internal.events.BuildManager.basicBuild(BuildManager.java:303)
	at org.eclipse.core.internal.events.BuildManager.basicBuildLoop(BuildManager.java:359)
	at org.eclipse.core.internal.events.BuildManager.build(BuildManager.java:382)
	at org.eclipse.core.internal.events.AutoBuildJob.doBuild(AutoBuildJob.java:144)
	at org.eclipse.core.internal.events.AutoBuildJob.run(AutoBuildJob.java:235)
	at org.eclipse.core.internal.jobs.Worker.run(Worker.java:55)
2016-05-08 20:24:54,498 ERROR [main] - org.scala-ide.sdt.core - org.scala-ide.sdt.core - org.scala-ide.sdt.core - 0 - Error in Scala compiler
java.lang.IllegalArgumentException: requirement failed: Source file '/users/elegros/projectFinal/server/target/scala-2.11/classes/models/Queries$$anonfun$tasks$1.class' does not exist.
	at scala.Predef$.require(Predef.scala:219)
	at sbt.IO$.copyFile(IO.scala:583)
	at sbt.IO$.move(IO.scala:786)
	at sbt.inc.ClassfileManager$$anonfun$transactional$1$$anon$2.sbt$inc$ClassfileManager$$anonfun$$anon$$move(ClassfileManager.scala:75)
	at sbt.inc.ClassfileManager$$anonfun$transactional$1$$anon$2$$anonfun$delete$3.apply(ClassfileManager.scala:52)
	at sbt.inc.ClassfileManager$$anonfun$transactional$1$$anon$2$$anonfun$delete$3.apply(ClassfileManager.scala:51)
	at scala.collection.immutable.HashSet$HashSet1.foreach(HashSet.scala:322)
	at scala.collection.immutable.HashSet$HashTrieSet.foreach(HashSet.scala:978)
	at sbt.inc.ClassfileManager$$anonfun$transactional$1$$anon$2.delete(ClassfileManager.scala:51)
	at sbt.inc.Incremental$.prune(Incremental.scala:59)
	at sbt.inc.IncrementalCommon.cycle(IncrementalCommon.scala:28)
	at sbt.inc.Incremental$$anonfun$1.apply(Incremental.scala:39)
	at sbt.inc.Incremental$$anonfun$1.apply(Incremental.scala:38)
	at sbt.inc.Incremental$.manageClassfiles(Incremental.scala:66)
	at sbt.inc.Incremental$.compile(Incremental.scala:38)
	at sbt.inc.IncrementalCompile$.apply(Compile.scala:26)
	at sbt.compiler.AggressiveCompile.compile2(AggressiveCompile.scala:153)
	at sbt.compiler.AggressiveCompile.compile1(AggressiveCompile.scala:70)
	at sbt.compiler.AggressiveCompile.apply(AggressiveCompile.scala:45)
	at org.scalaide.core.internal.builder.zinc.EclipseSbtBuildManager.aggressiveCompile(EclipseSbtBuildManager.scala:213)
	at org.scalaide.core.internal.builder.zinc.EclipseSbtBuildManager.runCompiler(EclipseSbtBuildManager.scala:142)
	at org.scalaide.core.internal.builder.zinc.EclipseSbtBuildManager.update(EclipseSbtBuildManager.scala:127)
	at org.scalaide.core.internal.builder.zinc.EclipseSbtBuildManager.build(EclipseSbtBuildManager.scala:87)
	at org.scalaide.core.internal.project.scopes.BuildScopeUnit.build(BuildScopeUnit.scala:57)
	at org.scalaide.core.internal.project.SbtScopesBuildManager$$anonfun$build$1.apply(SbtScopesBuildManager.scala:47)
	at org.scalaide.core.internal.project.SbtScopesBuildManager$$anonfun$build$1.apply(SbtScopesBuildManager.scala:43)
	at scala.collection.immutable.List.foreach(List.scala:381)
	at org.scalaide.core.internal.project.SbtScopesBuildManager.build(SbtScopesBuildManager.scala:43)
	at org.scalaide.core.internal.project.ScalaProject.build(ScalaProject.scala:591)
	at org.scalaide.core.internal.builder.ScalaBuilder.build(ScalaBuilder.scala:119)
	at org.eclipse.core.internal.events.BuildManager$2.run(BuildManager.java:734)
	at org.eclipse.core.runtime.SafeRunner.run(SafeRunner.java:42)
	at org.eclipse.core.internal.events.BuildManager.basicBuild(BuildManager.java:205)
	at org.eclipse.core.internal.events.BuildManager.basicBuild(BuildManager.java:245)
	at org.eclipse.core.internal.events.BuildManager$1.run(BuildManager.java:300)
	at org.eclipse.core.runtime.SafeRunner.run(SafeRunner.java:42)
	at org.eclipse.core.internal.events.BuildManager.basicBuild(BuildManager.java:303)
	at org.eclipse.core.internal.events.BuildManager.basicBuildLoop(BuildManager.java:359)
	at org.eclipse.core.internal.events.BuildManager.build(BuildManager.java:382)
	at org.eclipse.core.internal.events.AutoBuildJob.doBuild(AutoBuildJob.java:144)
	at org.eclipse.core.internal.events.AutoBuildJob.run(AutoBuildJob.java:235)
	at org.eclipse.core.internal.jobs.Worker.run(Worker.java:55)
2016-05-08 20:32:47,289 ERROR [main] - org.scala-ide.sdt.core - org.scala-ide.sdt.core - org.scala-ide.sdt.core - 0 - Error in Scala compiler
java.lang.IllegalArgumentException: requirement failed: Source file '/users/elegros/projectFinal/server/target/scala-2.11/classes/models/Queries$$anonfun$tasks$3.class' does not exist.
	at scala.Predef$.require(Predef.scala:219)
	at sbt.IO$.copyFile(IO.scala:583)
	at sbt.IO$.move(IO.scala:786)
	at sbt.inc.ClassfileManager$$anonfun$transactional$1$$anon$2.sbt$inc$ClassfileManager$$anonfun$$anon$$move(ClassfileManager.scala:75)
	at sbt.inc.ClassfileManager$$anonfun$transactional$1$$anon$2$$anonfun$delete$3.apply(ClassfileManager.scala:52)
	at sbt.inc.ClassfileManager$$anonfun$transactional$1$$anon$2$$anonfun$delete$3.apply(ClassfileManager.scala:51)
	at scala.collection.immutable.HashSet$HashSet1.foreach(HashSet.scala:322)
	at scala.collection.immutable.HashSet$HashTrieSet.foreach(HashSet.scala:978)
	at scala.collection.immutable.HashSet$HashTrieSet.foreach(HashSet.scala:978)
	at sbt.inc.ClassfileManager$$anonfun$transactional$1$$anon$2.delete(ClassfileManager.scala:51)
	at sbt.inc.Incremental$.prune(Incremental.scala:59)
	at sbt.inc.IncrementalCommon.cycle(IncrementalCommon.scala:28)
	at sbt.inc.Incremental$$anonfun$1.apply(Incremental.scala:39)
	at sbt.inc.Incremental$$anonfun$1.apply(Incremental.scala:38)
	at sbt.inc.Incremental$.manageClassfiles(Incremental.scala:66)
	at sbt.inc.Incremental$.compile(Incremental.scala:38)
	at sbt.inc.IncrementalCompile$.apply(Compile.scala:26)
	at sbt.compiler.AggressiveCompile.compile2(AggressiveCompile.scala:153)
	at sbt.compiler.AggressiveCompile.compile1(AggressiveCompile.scala:70)
	at sbt.compiler.AggressiveCompile.apply(AggressiveCompile.scala:45)
	at org.scalaide.core.internal.builder.zinc.EclipseSbtBuildManager.aggressiveCompile(EclipseSbtBuildManager.scala:213)
	at org.scalaide.core.internal.builder.zinc.EclipseSbtBuildManager.runCompiler(EclipseSbtBuildManager.scala:142)
	at org.scalaide.core.internal.builder.zinc.EclipseSbtBuildManager.update(EclipseSbtBuildManager.scala:127)
	at org.scalaide.core.internal.builder.zinc.EclipseSbtBuildManager.build(EclipseSbtBuildManager.scala:87)
	at org.scalaide.core.internal.project.scopes.BuildScopeUnit.build(BuildScopeUnit.scala:57)
	at org.scalaide.core.internal.project.SbtScopesBuildManager$$anonfun$build$1.apply(SbtScopesBuildManager.scala:47)
	at org.scalaide.core.internal.project.SbtScopesBuildManager$$anonfun$build$1.apply(SbtScopesBuildManager.scala:43)
	at scala.collection.immutable.List.foreach(List.scala:381)
	at org.scalaide.core.internal.project.SbtScopesBuildManager.build(SbtScopesBuildManager.scala:43)
	at org.scalaide.core.internal.project.ScalaProject.build(ScalaProject.scala:591)
	at org.scalaide.core.internal.builder.ScalaBuilder.build(ScalaBuilder.scala:119)
	at org.eclipse.core.internal.events.BuildManager$2.run(BuildManager.java:734)
	at org.eclipse.core.runtime.SafeRunner.run(SafeRunner.java:42)
	at org.eclipse.core.internal.events.BuildManager.basicBuild(BuildManager.java:205)
	at org.eclipse.core.internal.events.BuildManager.basicBuild(BuildManager.java:245)
	at org.eclipse.core.internal.events.BuildManager$1.run(BuildManager.java:300)
	at org.eclipse.core.runtime.SafeRunner.run(SafeRunner.java:42)
	at org.eclipse.core.internal.events.BuildManager.basicBuild(BuildManager.java:303)
	at org.eclipse.core.internal.events.BuildManager.basicBuildLoop(BuildManager.java:359)
	at org.eclipse.core.internal.events.BuildManager.build(BuildManager.java:382)
	at org.eclipse.core.internal.events.AutoBuildJob.doBuild(AutoBuildJob.java:144)
	at org.eclipse.core.internal.events.AutoBuildJob.run(AutoBuildJob.java:235)
	at org.eclipse.core.internal.jobs.Worker.run(Worker.java:55)
2016-05-08 20:37:39,361 ERROR [main] - org.scala-ide.sdt.core - org.scala-ide.sdt.core - org.scala-ide.sdt.core - 0 - Error in Scala compiler
java.lang.IllegalArgumentException: requirement failed: Source file '/users/elegros/projectFinal/server/target/scala-2.11/classes/models/User$.class' does not exist.
	at scala.Predef$.require(Predef.scala:219)
	at sbt.IO$.copyFile(IO.scala:583)
	at sbt.IO$.move(IO.scala:786)
	at sbt.inc.ClassfileManager$$anonfun$transactional$1$$anon$2.sbt$inc$ClassfileManager$$anonfun$$anon$$move(ClassfileManager.scala:75)
	at sbt.inc.ClassfileManager$$anonfun$transactional$1$$anon$2$$anonfun$delete$3.apply(ClassfileManager.scala:52)
	at sbt.inc.ClassfileManager$$anonfun$transactional$1$$anon$2$$anonfun$delete$3.apply(ClassfileManager.scala:51)
	at scala.collection.immutable.HashSet$HashSet1.foreach(HashSet.scala:322)
	at scala.collection.immutable.HashSet$HashTrieSet.foreach(HashSet.scala:978)
	at sbt.inc.ClassfileManager$$anonfun$transactional$1$$anon$2.delete(ClassfileManager.scala:51)
	at sbt.inc.Incremental$.prune(Incremental.scala:59)
	at sbt.inc.IncrementalCommon.cycle(IncrementalCommon.scala:28)
	at sbt.inc.Incremental$$anonfun$1.apply(Incremental.scala:39)
	at sbt.inc.Incremental$$anonfun$1.apply(Incremental.scala:38)
	at sbt.inc.Incremental$.manageClassfiles(Incremental.scala:66)
	at sbt.inc.Incremental$.compile(Incremental.scala:38)
	at sbt.inc.IncrementalCompile$.apply(Compile.scala:26)
	at sbt.compiler.AggressiveCompile.compile2(AggressiveCompile.scala:153)
	at sbt.compiler.AggressiveCompile.compile1(AggressiveCompile.scala:70)
	at sbt.compiler.AggressiveCompile.apply(AggressiveCompile.scala:45)
	at org.scalaide.core.internal.builder.zinc.EclipseSbtBuildManager.aggressiveCompile(EclipseSbtBuildManager.scala:213)
	at org.scalaide.core.internal.builder.zinc.EclipseSbtBuildManager.runCompiler(EclipseSbtBuildManager.scala:142)
	at org.scalaide.core.internal.builder.zinc.EclipseSbtBuildManager.update(EclipseSbtBuildManager.scala:127)
	at org.scalaide.core.internal.builder.zinc.EclipseSbtBuildManager.build(EclipseSbtBuildManager.scala:87)
	at org.scalaide.core.internal.project.scopes.BuildScopeUnit.build(BuildScopeUnit.scala:57)
	at org.scalaide.core.internal.project.SbtScopesBuildManager$$anonfun$build$1.apply(SbtScopesBuildManager.scala:47)
	at org.scalaide.core.internal.project.SbtScopesBuildManager$$anonfun$build$1.apply(SbtScopesBuildManager.scala:43)
	at scala.collection.immutable.List.foreach(List.scala:381)
	at org.scalaide.core.internal.project.SbtScopesBuildManager.build(SbtScopesBuildManager.scala:43)
	at org.scalaide.core.internal.project.ScalaProject.build(ScalaProject.scala:591)
	at org.scalaide.core.internal.builder.ScalaBuilder.build(ScalaBuilder.scala:119)
	at org.eclipse.core.internal.events.BuildManager$2.run(BuildManager.java:734)
	at org.eclipse.core.runtime.SafeRunner.run(SafeRunner.java:42)
	at org.eclipse.core.internal.events.BuildManager.basicBuild(BuildManager.java:205)
	at org.eclipse.core.internal.events.BuildManager.basicBuild(BuildManager.java:245)
	at org.eclipse.core.internal.events.BuildManager$1.run(BuildManager.java:300)
	at org.eclipse.core.runtime.SafeRunner.run(SafeRunner.java:42)
	at org.eclipse.core.internal.events.BuildManager.basicBuild(BuildManager.java:303)
	at org.eclipse.core.internal.events.BuildManager.basicBuildLoop(BuildManager.java:359)
	at org.eclipse.core.internal.events.BuildManager.build(BuildManager.java:382)
	at org.eclipse.core.internal.events.AutoBuildJob.doBuild(AutoBuildJob.java:144)
	at org.eclipse.core.internal.events.AutoBuildJob.run(AutoBuildJob.java:235)
	at org.eclipse.core.internal.jobs.Worker.run(Worker.java:55)
2016-05-08 20:41:15,751 ERROR [main] - org.scala-ide.sdt.core - org.scala-ide.sdt.core - org.scala-ide.sdt.core - 0 - Error in Scala compiler
java.lang.IllegalArgumentException: requirement failed: Source file '/users/elegros/projectFinal/server/target/scala-2.11/classes/models/Player$.class' does not exist.
	at scala.Predef$.require(Predef.scala:219)
	at sbt.IO$.copyFile(IO.scala:583)
	at sbt.IO$.move(IO.scala:786)
	at sbt.inc.ClassfileManager$$anonfun$transactional$1$$anon$2.sbt$inc$ClassfileManager$$anonfun$$anon$$move(ClassfileManager.scala:75)
	at sbt.inc.ClassfileManager$$anonfun$transactional$1$$anon$2$$anonfun$delete$3.apply(ClassfileManager.scala:52)
	at sbt.inc.ClassfileManager$$anonfun$transactional$1$$anon$2$$anonfun$delete$3.apply(ClassfileManager.scala:51)
	at scala.collection.immutable.HashSet$HashSet1.foreach(HashSet.scala:322)
	at scala.collection.immutable.HashSet$HashTrieSet.foreach(HashSet.scala:978)
	at scala.collection.immutable.HashSet$HashTrieSet.foreach(HashSet.scala:978)
	at sbt.inc.ClassfileManager$$anonfun$transactional$1$$anon$2.delete(ClassfileManager.scala:51)
	at sbt.inc.Incremental$.prune(Incremental.scala:59)
	at sbt.inc.IncrementalCommon.cycle(IncrementalCommon.scala:28)
	at sbt.inc.Incremental$$anonfun$1.apply(Incremental.scala:39)
	at sbt.inc.Incremental$$anonfun$1.apply(Incremental.scala:38)
	at sbt.inc.Incremental$.manageClassfiles(Incremental.scala:66)
	at sbt.inc.Incremental$.compile(Incremental.scala:38)
	at sbt.inc.IncrementalCompile$.apply(Compile.scala:26)
	at sbt.compiler.AggressiveCompile.compile2(AggressiveCompile.scala:153)
	at sbt.compiler.AggressiveCompile.compile1(AggressiveCompile.scala:70)
	at sbt.compiler.AggressiveCompile.apply(AggressiveCompile.scala:45)
	at org.scalaide.core.internal.builder.zinc.EclipseSbtBuildManager.aggressiveCompile(EclipseSbtBuildManager.scala:213)
	at org.scalaide.core.internal.builder.zinc.EclipseSbtBuildManager.runCompiler(EclipseSbtBuildManager.scala:142)
	at org.scalaide.core.internal.builder.zinc.EclipseSbtBuildManager.update(EclipseSbtBuildManager.scala:127)
	at org.scalaide.core.internal.builder.zinc.EclipseSbtBuildManager.build(EclipseSbtBuildManager.scala:87)
	at org.scalaide.core.internal.project.scopes.BuildScopeUnit.build(BuildScopeUnit.scala:57)
	at org.scalaide.core.internal.project.SbtScopesBuildManager$$anonfun$build$1.apply(SbtScopesBuildManager.scala:47)
	at org.scalaide.core.internal.project.SbtScopesBuildManager$$anonfun$build$1.apply(SbtScopesBuildManager.scala:43)
	at scala.collection.immutable.List.foreach(List.scala:381)
	at org.scalaide.core.internal.project.SbtScopesBuildManager.build(SbtScopesBuildManager.scala:43)
	at org.scalaide.core.internal.project.ScalaProject.build(ScalaProject.scala:591)
	at org.scalaide.core.internal.builder.ScalaBuilder.build(ScalaBuilder.scala:119)
	at org.eclipse.core.internal.events.BuildManager$2.run(BuildManager.java:734)
	at org.eclipse.core.runtime.SafeRunner.run(SafeRunner.java:42)
	at org.eclipse.core.internal.events.BuildManager.basicBuild(BuildManager.java:205)
	at org.eclipse.core.internal.events.BuildManager.basicBuild(BuildManager.java:245)
	at org.eclipse.core.internal.events.BuildManager$1.run(BuildManager.java:300)
	at org.eclipse.core.runtime.SafeRunner.run(SafeRunner.java:42)
	at org.eclipse.core.internal.events.BuildManager.basicBuild(BuildManager.java:303)
	at org.eclipse.core.internal.events.BuildManager.basicBuildLoop(BuildManager.java:359)
	at org.eclipse.core.internal.events.BuildManager.build(BuildManager.java:382)
	at org.eclipse.core.internal.events.AutoBuildJob.doBuild(AutoBuildJob.java:144)
	at org.eclipse.core.internal.events.AutoBuildJob.run(AutoBuildJob.java:235)
	at org.eclipse.core.internal.jobs.Worker.run(Worker.java:55)
2016-05-08 20:46:12,498 ERROR [main] - org.scala-ide.sdt.core - org.scala-ide.sdt.core - org.scala-ide.sdt.core - 0 - Error in Scala compiler
java.lang.IllegalArgumentException: requirement failed: Source file '/users/elegros/projectFinal/server/target/scala-2.11/classes/controllers/Application$$anonfun$clear$1.class' does not exist.
	at scala.Predef$.require(Predef.scala:219)
	at sbt.IO$.copyFile(IO.scala:583)
	at sbt.IO$.move(IO.scala:786)
	at sbt.inc.ClassfileManager$$anonfun$transactional$1$$anon$2.sbt$inc$ClassfileManager$$anonfun$$anon$$move(ClassfileManager.scala:75)
	at sbt.inc.ClassfileManager$$anonfun$transactional$1$$anon$2$$anonfun$delete$3.apply(ClassfileManager.scala:52)
	at sbt.inc.ClassfileManager$$anonfun$transactional$1$$anon$2$$anonfun$delete$3.apply(ClassfileManager.scala:51)
	at scala.collection.immutable.HashSet$HashSet1.foreach(HashSet.scala:322)
	at scala.collection.immutable.HashSet$HashTrieSet.foreach(HashSet.scala:978)
	at sbt.inc.ClassfileManager$$anonfun$transactional$1$$anon$2.delete(ClassfileManager.scala:51)
	at sbt.inc.Incremental$.prune(Incremental.scala:59)
	at sbt.inc.IncrementalCommon.cycle(IncrementalCommon.scala:28)
	at sbt.inc.Incremental$$anonfun$1.apply(Incremental.scala:39)
	at sbt.inc.Incremental$$anonfun$1.apply(Incremental.scala:38)
	at sbt.inc.Incremental$.manageClassfiles(Incremental.scala:66)
	at sbt.inc.Incremental$.compile(Incremental.scala:38)
	at sbt.inc.IncrementalCompile$.apply(Compile.scala:26)
	at sbt.compiler.AggressiveCompile.compile2(AggressiveCompile.scala:153)
	at sbt.compiler.AggressiveCompile.compile1(AggressiveCompile.scala:70)
	at sbt.compiler.AggressiveCompile.apply(AggressiveCompile.scala:45)
	at org.scalaide.core.internal.builder.zinc.EclipseSbtBuildManager.aggressiveCompile(EclipseSbtBuildManager.scala:213)
	at org.scalaide.core.internal.builder.zinc.EclipseSbtBuildManager.runCompiler(EclipseSbtBuildManager.scala:142)
	at org.scalaide.core.internal.builder.zinc.EclipseSbtBuildManager.update(EclipseSbtBuildManager.scala:127)
	at org.scalaide.core.internal.builder.zinc.EclipseSbtBuildManager.build(EclipseSbtBuildManager.scala:87)
	at org.scalaide.core.internal.project.scopes.BuildScopeUnit.build(BuildScopeUnit.scala:57)
	at org.scalaide.core.internal.project.SbtScopesBuildManager$$anonfun$build$1.apply(SbtScopesBuildManager.scala:47)
	at org.scalaide.core.internal.project.SbtScopesBuildManager$$anonfun$build$1.apply(SbtScopesBuildManager.scala:43)
	at scala.collection.immutable.List.foreach(List.scala:381)
	at org.scalaide.core.internal.project.SbtScopesBuildManager.build(SbtScopesBuildManager.scala:43)
	at org.scalaide.core.internal.project.ScalaProject.build(ScalaProject.scala:591)
	at org.scalaide.core.internal.builder.ScalaBuilder.build(ScalaBuilder.scala:119)
	at org.eclipse.core.internal.events.BuildManager$2.run(BuildManager.java:734)
	at org.eclipse.core.runtime.SafeRunner.run(SafeRunner.java:42)
	at org.eclipse.core.internal.events.BuildManager.basicBuild(BuildManager.java:205)
	at org.eclipse.core.internal.events.BuildManager.basicBuild(BuildManager.java:245)
	at org.eclipse.core.internal.events.BuildManager$1.run(BuildManager.java:300)
	at org.eclipse.core.runtime.SafeRunner.run(SafeRunner.java:42)
	at org.eclipse.core.internal.events.BuildManager.basicBuild(BuildManager.java:303)
	at org.eclipse.core.internal.events.BuildManager.basicBuildLoop(BuildManager.java:359)
	at org.eclipse.core.internal.events.BuildManager.build(BuildManager.java:382)
	at org.eclipse.core.internal.events.AutoBuildJob.doBuild(AutoBuildJob.java:144)
	at org.eclipse.core.internal.events.AutoBuildJob.run(AutoBuildJob.java:235)
	at org.eclipse.core.internal.jobs.Worker.run(Worker.java:55)
2016-05-09 10:49:13,390  WARN [main] - org.scala-ide.sdt.core - org.scala-ide.sdt.core - org.scala-ide.sdt.core - 0 - Preference scala.compiler.sourceLevel was uninitialized for client, setting default to 2.11.
2016-05-09 10:49:13,408  WARN [main] - org.scala-ide.sdt.core - org.scala-ide.sdt.core - org.scala-ide.sdt.core - 0 - Preference scala.compiler.installation was uninitialized for client, setting default to 2.11.
2016-05-09 10:53:52,011  WARN [org.scalaide.ui.internal.reconciliation.ScalaReconciler] - TraverserImpl$ - Skipping annotation, position length = 0, position offset = 1192
2016-05-09 10:58:55,814 ERROR [Text Viewer Hover Presenter] - IScalaPresentationCompiler$ - Ignoring InterruptException
2016-05-09 10:58:55,815 ERROR [Text Viewer Hover Presenter] - IScalaPresentationCompiler$ - Ignoring InterruptException
2016-05-09 10:58:55,815 ERROR [Text Viewer Hover Presenter] - IScalaPresentationCompiler$ - Ignoring InterruptException
2016-05-09 11:28:20,851 ERROR [Text Viewer Hover Presenter] - IScalaPresentationCompiler$ - Ignoring InterruptException
2016-05-09 11:28:20,851 ERROR [Text Viewer Hover Presenter] - IScalaPresentationCompiler$ - Ignoring InterruptException
2016-05-09 11:28:20,851 ERROR [Text Viewer Hover Presenter] - IScalaPresentationCompiler$ - Ignoring InterruptException
2016-05-09 11:28:55,813  WARN [org.scalaide.ui.internal.reconciliation.ScalaReconciler] - TraverserImpl$ - Skipping annotation, position length = 0, position offset = 3336
2016-05-09 11:28:58,869  WARN [org.scalaide.ui.internal.reconciliation.ScalaReconciler] - TraverserImpl$ - Skipping annotation, position length = 0, position offset = 3331
2016-05-09 11:38:51,420  WARN [org.scalaide.ui.internal.reconciliation.ScalaReconciler] - TraverserImpl$ - Skipping annotation, position length = 0, position offset = 357
2016-05-09 11:40:55,317 ERROR [main] - org.scala-ide.sdt.core - org.scala-ide.sdt.core - org.scala-ide.sdt.core - 0 - Throwable during asyncExec
scala.reflect.internal.FatalError: ThisType(value thread) for sym which is not a class
	at scala.reflect.internal.Reporting$class.abort(Reporting.scala:59)
	at scala.reflect.internal.SymbolTable.abort(SymbolTable.scala:16)
	at scala.reflect.internal.Types$ThisType.<init>(Types.scala:1167)
	at scala.reflect.internal.Types$UniqueThisType.<init>(Types.scala:1187)
	at scala.reflect.internal.Types$ThisType$.apply(Types.scala:1191)
	at scala.tools.nsc.interactive.Global.scala$tools$nsc$interactive$Global$$findMirrorSymbol(Global.scala:873)
	at scala.tools.nsc.interactive.Global$$anonfun$getDocComment$2$$anonfun$apply$16$$anonfun$apply$18.apply(Global.scala:946)
	at scala.tools.nsc.interactive.Global$$anonfun$getDocComment$2$$anonfun$apply$16$$anonfun$apply$18.apply(Global.scala:945)
	at scala.collection.TraversableLike$WithFilter$$anonfun$foreach$1.apply(TraversableLike.scala:778)
	at scala.collection.immutable.List.foreach(List.scala:381)
	at scala.collection.TraversableLike$WithFilter.foreach(TraversableLike.scala:777)
	at scala.tools.nsc.interactive.Global$$anonfun$getDocComment$2$$anonfun$apply$16.apply(Global.scala:945)
	at scala.tools.nsc.interactive.Global$$anonfun$getDocComment$2$$anonfun$apply$16.apply(Global.scala:944)
	at scala.tools.nsc.interactive.Global.scala$tools$nsc$interactive$Global$$withTempUnits(Global.scala:853)
	at scala.tools.nsc.interactive.Global$$anonfun$getDocComment$2.apply(Global.scala:944)
	at scala.tools.nsc.interactive.Global$$anonfun$getDocComment$2.apply(Global.scala:944)
	at scala.tools.nsc.interactive.Global$$anonfun$respond$1.apply(Global.scala:699)
	at scala.tools.nsc.interactive.Global$$anonfun$respond$1.apply(Global.scala:699)
	at scala.tools.nsc.interactive.Global.respondGradually(Global.scala:706)
	at scala.tools.nsc.interactive.Global.respond(Global.scala:699)
	at scala.tools.nsc.interactive.Global.getDocComment(Global.scala:943)
	at scala.tools.nsc.interactive.CompilerControl$AskDocCommentItem.apply$mcV$sp(CompilerControl.scala:376)
	at scala.tools.nsc.interactive.Global$$anonfun$pollForWork$1.apply$mcV$sp(Global.scala:504)
	at scala.util.control.Breaks.breakable(Breaks.scala:38)
	at scala.tools.nsc.interactive.Global.pollForWork(Global.scala:429)
	at scala.tools.nsc.interactive.PresentationCompilerThread.run(PresentationCompilerThread.scala:22)
2016-05-09 11:48:47,510  WARN [main] - org.scala-ide.sdt.core - org.scala-ide.sdt.core - org.scala-ide.sdt.core - 0 - Preference scala.compiler.sourceLevel was uninitialized for client, setting default to 2.11.
2016-05-09 11:48:47,528  WARN [main] - org.scala-ide.sdt.core - org.scala-ide.sdt.core - org.scala-ide.sdt.core - 0 - Preference scala.compiler.installation was uninitialized for client, setting default to 2.11.
2016-05-09 12:24:24,315 ERROR [Text Viewer Hover Presenter] - IScalaPresentationCompiler$ - Ignoring InterruptException
2016-05-09 12:24:24,316 ERROR [Text Viewer Hover Presenter] - IScalaPresentationCompiler$ - Ignoring InterruptException
2016-05-09 12:24:25,904 ERROR [Text Viewer Hover Presenter] - IScalaPresentationCompiler$ - Ignoring InterruptException
2016-05-09 12:24:25,904 ERROR [Text Viewer Hover Presenter] - IScalaPresentationCompiler$ - Ignoring InterruptException
2016-05-09 12:24:25,904 ERROR [Text Viewer Hover Presenter] - IScalaPresentationCompiler$ - Ignoring InterruptException
2016-05-09 12:32:48,918 ERROR [Text Viewer Hover Presenter] - IScalaPresentationCompiler$ - Ignoring InterruptException
2016-05-09 12:32:48,920 ERROR [Text Viewer Hover Presenter] - IScalaPresentationCompiler$ - Ignoring InterruptException
2016-05-09 12:32:48,920 ERROR [Text Viewer Hover Presenter] - IScalaPresentationCompiler$ - Ignoring InterruptException
2016-05-09 12:48:50,050  WARN [org.scalaide.ui.internal.reconciliation.ScalaReconciler] - TraverserImpl$ - Skipping annotation, position length = 0, position offset = 3477
2016-05-09 12:48:51,111  WARN [org.scalaide.ui.internal.reconciliation.ScalaReconciler] - TraverserImpl$ - Skipping annotation, position length = 0, position offset = 3478
2016-05-09 12:52:32,212  WARN [org.scalaide.ui.internal.reconciliation.ScalaReconciler] - TraverserImpl$ - Skipping annotation, position length = 0, position offset = 3397
2016-05-09 12:52:32,213  WARN [org.scalaide.ui.internal.reconciliation.ScalaReconciler] - TraverserImpl$ - Skipping annotation, position length = 0, position offset = 3412
2016-05-09 12:52:35,786  WARN [org.scalaide.ui.internal.reconciliation.ScalaReconciler] - TraverserImpl$ - Skipping annotation, position length = 0, position offset = 3397
2016-05-09 12:52:35,786  WARN [org.scalaide.ui.internal.reconciliation.ScalaReconciler] - TraverserImpl$ - Skipping annotation, position length = 0, position offset = 3418
2016-05-09 13:04:56,510 ERROR [Text Viewer Hover Presenter] - IScalaPresentationCompiler$ - Ignoring InterruptException
2016-05-09 13:04:56,510 ERROR [Text Viewer Hover Presenter] - IScalaPresentationCompiler$ - Ignoring InterruptException
2016-05-09 13:04:56,510 ERROR [Text Viewer Hover Presenter] - IScalaPresentationCompiler$ - Ignoring InterruptException
2016-05-09 13:21:07,283 ERROR [Text Viewer Hover Presenter] - IScalaPresentationCompiler$ - Ignoring InterruptException
2016-05-09 13:21:07,283 ERROR [Text Viewer Hover Presenter] - IScalaPresentationCompiler$ - Ignoring InterruptException
2016-05-09 13:21:07,284 ERROR [Text Viewer Hover Presenter] - IScalaPresentationCompiler$ - Ignoring InterruptException
2016-05-09 13:28:41,272 ERROR [Text Viewer Hover Presenter] - IScalaPresentationCompiler$ - Ignoring InterruptException
2016-05-09 13:28:41,272 ERROR [Text Viewer Hover Presenter] - IScalaPresentationCompiler$ - Ignoring InterruptException
2016-05-09 13:28:41,272 ERROR [Text Viewer Hover Presenter] - IScalaPresentationCompiler$ - Ignoring InterruptException
2016-05-09 14:27:40,163  WARN [org.scalaide.ui.internal.reconciliation.ScalaReconciler] - TraverserImpl$ - Skipping annotation, position length = 0, position offset = 5564
2016-05-09 14:36:37,701 ERROR [Text Viewer Hover Presenter] - IScalaPresentationCompiler$ - Ignoring InterruptException
2016-05-09 14:36:37,701 ERROR [Text Viewer Hover Presenter] - IScalaPresentationCompiler$ - Ignoring InterruptException
2016-05-09 14:36:37,701 ERROR [Text Viewer Hover Presenter] - IScalaPresentationCompiler$ - Ignoring InterruptException
2016-05-09 14:36:37,701 ERROR [Text Viewer Hover Presenter] - IScalaPresentationCompiler$ - Ignoring InterruptException
2016-05-09 14:36:37,701 ERROR [Text Viewer Hover Presenter] - IScalaPresentationCompiler$ - Ignoring InterruptException
2016-05-09 14:36:37,701 ERROR [Text Viewer Hover Presenter] - IScalaPresentationCompiler$ - Ignoring InterruptException
2016-05-09 14:36:37,701 ERROR [Text Viewer Hover Presenter] - IScalaPresentationCompiler$ - Ignoring InterruptException
2016-05-09 14:36:37,701 ERROR [Text Viewer Hover Presenter] - IScalaPresentationCompiler$ - Ignoring InterruptException
2016-05-09 14:36:37,701 ERROR [Text Viewer Hover Presenter] - IScalaPresentationCompiler$ - Ignoring InterruptException
2016-05-09 14:36:37,701 ERROR [Text Viewer Hover Presenter] - IScalaPresentationCompiler$ - Ignoring InterruptException
2016-05-09 14:36:37,702 ERROR [Text Viewer Hover Presenter] - IScalaPresentationCompiler$ - Ignoring InterruptException
2016-05-09 15:35:53,256 ERROR [main] - org.scala-ide.sdt.core - org.scala-ide.sdt.core - org.scala-ide.sdt.core - 0 - Throwable during asyncExec
scala.reflect.internal.FatalError: ThisType(value thread) for sym which is not a class
	at scala.reflect.internal.Reporting$class.abort(Reporting.scala:59)
	at scala.reflect.internal.SymbolTable.abort(SymbolTable.scala:16)
	at scala.reflect.internal.Types$ThisType.<init>(Types.scala:1167)
	at scala.reflect.internal.Types$UniqueThisType.<init>(Types.scala:1187)
	at scala.reflect.internal.Types$ThisType$.apply(Types.scala:1191)
	at scala.tools.nsc.interactive.Global.scala$tools$nsc$interactive$Global$$findMirrorSymbol(Global.scala:873)
	at scala.tools.nsc.interactive.Global$$anonfun$getDocComment$2$$anonfun$apply$16$$anonfun$apply$18.apply(Global.scala:946)
	at scala.tools.nsc.interactive.Global$$anonfun$getDocComment$2$$anonfun$apply$16$$anonfun$apply$18.apply(Global.scala:945)
	at scala.collection.TraversableLike$WithFilter$$anonfun$foreach$1.apply(TraversableLike.scala:778)
	at scala.collection.immutable.List.foreach(List.scala:381)
	at scala.collection.TraversableLike$WithFilter.foreach(TraversableLike.scala:777)
	at scala.tools.nsc.interactive.Global$$anonfun$getDocComment$2$$anonfun$apply$16.apply(Global.scala:945)
	at scala.tools.nsc.interactive.Global$$anonfun$getDocComment$2$$anonfun$apply$16.apply(Global.scala:944)
	at scala.tools.nsc.interactive.Global.scala$tools$nsc$interactive$Global$$withTempUnits(Global.scala:853)
	at scala.tools.nsc.interactive.Global$$anonfun$getDocComment$2.apply(Global.scala:944)
	at scala.tools.nsc.interactive.Global$$anonfun$getDocComment$2.apply(Global.scala:944)
	at scala.tools.nsc.interactive.Global$$anonfun$respond$1.apply(Global.scala:699)
	at scala.tools.nsc.interactive.Global$$anonfun$respond$1.apply(Global.scala:699)
	at scala.tools.nsc.interactive.Global.respondGradually(Global.scala:706)
	at scala.tools.nsc.interactive.Global.respond(Global.scala:699)
	at scala.tools.nsc.interactive.Global.getDocComment(Global.scala:943)
	at scala.tools.nsc.interactive.CompilerControl$AskDocCommentItem.apply$mcV$sp(CompilerControl.scala:376)
	at scala.tools.nsc.interactive.Global$$anonfun$pollForWork$1.apply$mcV$sp(Global.scala:504)
	at scala.util.control.Breaks.breakable(Breaks.scala:38)
	at scala.tools.nsc.interactive.Global.pollForWork(Global.scala:429)
	at scala.tools.nsc.interactive.PresentationCompilerThread.run(PresentationCompilerThread.scala:22)
2016-05-09 15:43:25,824  WARN [org.scalaide.ui.internal.reconciliation.ScalaReconciler] - TraverserImpl$ - Skipping annotation, position length = 0, position offset = 1860
2016-05-09 15:43:26,897  WARN [org.scalaide.ui.internal.reconciliation.ScalaReconciler] - TraverserImpl$ - Skipping annotation, position length = 0, position offset = 1861
2016-05-09 15:43:29,468  WARN [org.scalaide.ui.internal.reconciliation.ScalaReconciler] - TraverserImpl$ - Skipping annotation, position length = 0, position offset = 1861
2016-05-09 15:59:35,790 ERROR [main] - org.scala-ide.sdt.core - org.scala-ide.sdt.core - org.scala-ide.sdt.core - 0 - Error in Scala compiler
java.lang.IllegalArgumentException: requirement failed: Source file '/users/elegros/projectFinal/server/target/scala-2.11/classes/models/Wall.class' does not exist.
	at scala.Predef$.require(Predef.scala:219)
	at sbt.IO$.copyFile(IO.scala:583)
	at sbt.IO$.move(IO.scala:786)
	at sbt.inc.ClassfileManager$$anonfun$transactional$1$$anon$2.sbt$inc$ClassfileManager$$anonfun$$anon$$move(ClassfileManager.scala:75)
	at sbt.inc.ClassfileManager$$anonfun$transactional$1$$anon$2$$anonfun$delete$3.apply(ClassfileManager.scala:52)
	at sbt.inc.ClassfileManager$$anonfun$transactional$1$$anon$2$$anonfun$delete$3.apply(ClassfileManager.scala:51)
	at scala.collection.immutable.HashSet$HashSet1.foreach(HashSet.scala:322)
	at scala.collection.immutable.HashSet$HashTrieSet.foreach(HashSet.scala:978)
	at sbt.inc.ClassfileManager$$anonfun$transactional$1$$anon$2.delete(ClassfileManager.scala:51)
	at sbt.inc.Incremental$.prune(Incremental.scala:59)
	at sbt.inc.IncrementalCommon.cycle(IncrementalCommon.scala:28)
	at sbt.inc.Incremental$$anonfun$1.apply(Incremental.scala:39)
	at sbt.inc.Incremental$$anonfun$1.apply(Incremental.scala:38)
	at sbt.inc.Incremental$.manageClassfiles(Incremental.scala:66)
	at sbt.inc.Incremental$.compile(Incremental.scala:38)
	at sbt.inc.IncrementalCompile$.apply(Compile.scala:26)
	at sbt.compiler.AggressiveCompile.compile2(AggressiveCompile.scala:153)
	at sbt.compiler.AggressiveCompile.compile1(AggressiveCompile.scala:70)
	at sbt.compiler.AggressiveCompile.apply(AggressiveCompile.scala:45)
	at org.scalaide.core.internal.builder.zinc.EclipseSbtBuildManager.aggressiveCompile(EclipseSbtBuildManager.scala:213)
	at org.scalaide.core.internal.builder.zinc.EclipseSbtBuildManager.runCompiler(EclipseSbtBuildManager.scala:142)
	at org.scalaide.core.internal.builder.zinc.EclipseSbtBuildManager.update(EclipseSbtBuildManager.scala:127)
	at org.scalaide.core.internal.builder.zinc.EclipseSbtBuildManager.build(EclipseSbtBuildManager.scala:87)
	at org.scalaide.core.internal.project.scopes.BuildScopeUnit.build(BuildScopeUnit.scala:57)
	at org.scalaide.core.internal.project.SbtScopesBuildManager$$anonfun$build$1.apply(SbtScopesBuildManager.scala:47)
	at org.scalaide.core.internal.project.SbtScopesBuildManager$$anonfun$build$1.apply(SbtScopesBuildManager.scala:43)
	at scala.collection.immutable.List.foreach(List.scala:381)
	at org.scalaide.core.internal.project.SbtScopesBuildManager.build(SbtScopesBuildManager.scala:43)
	at org.scalaide.core.internal.project.ScalaProject.build(ScalaProject.scala:591)
	at org.scalaide.core.internal.builder.ScalaBuilder.build(ScalaBuilder.scala:119)
	at org.eclipse.core.internal.events.BuildManager$2.run(BuildManager.java:734)
	at org.eclipse.core.runtime.SafeRunner.run(SafeRunner.java:42)
	at org.eclipse.core.internal.events.BuildManager.basicBuild(BuildManager.java:205)
	at org.eclipse.core.internal.events.BuildManager.basicBuild(BuildManager.java:245)
	at org.eclipse.core.internal.events.BuildManager$1.run(BuildManager.java:300)
	at org.eclipse.core.runtime.SafeRunner.run(SafeRunner.java:42)
	at org.eclipse.core.internal.events.BuildManager.basicBuild(BuildManager.java:303)
	at org.eclipse.core.internal.events.BuildManager.basicBuildLoop(BuildManager.java:359)
	at org.eclipse.core.internal.events.BuildManager.build(BuildManager.java:382)
	at org.eclipse.core.internal.events.AutoBuildJob.doBuild(AutoBuildJob.java:144)
	at org.eclipse.core.internal.events.AutoBuildJob.run(AutoBuildJob.java:235)
	at org.eclipse.core.internal.jobs.Worker.run(Worker.java:55)
2016-05-09 16:00:38,323 ERROR [main] - org.scala-ide.sdt.core - org.scala-ide.sdt.core - org.scala-ide.sdt.core - 0 - Error in Scala compiler
java.lang.IllegalArgumentException: requirement failed: Source file '/users/elegros/projectFinal/server/target/scala-2.11/classes/models/Wall.class' does not exist.
	at scala.Predef$.require(Predef.scala:219)
	at sbt.IO$.copyFile(IO.scala:583)
	at sbt.IO$.move(IO.scala:786)
	at sbt.inc.ClassfileManager$$anonfun$transactional$1$$anon$2.sbt$inc$ClassfileManager$$anonfun$$anon$$move(ClassfileManager.scala:75)
	at sbt.inc.ClassfileManager$$anonfun$transactional$1$$anon$2$$anonfun$delete$3.apply(ClassfileManager.scala:52)
	at sbt.inc.ClassfileManager$$anonfun$transactional$1$$anon$2$$anonfun$delete$3.apply(ClassfileManager.scala:51)
	at scala.collection.immutable.HashSet$HashSet1.foreach(HashSet.scala:322)
	at scala.collection.immutable.HashSet$HashTrieSet.foreach(HashSet.scala:978)
	at sbt.inc.ClassfileManager$$anonfun$transactional$1$$anon$2.delete(ClassfileManager.scala:51)
	at sbt.inc.Incremental$.prune(Incremental.scala:59)
	at sbt.inc.IncrementalCommon.cycle(IncrementalCommon.scala:28)
	at sbt.inc.Incremental$$anonfun$1.apply(Incremental.scala:39)
	at sbt.inc.Incremental$$anonfun$1.apply(Incremental.scala:38)
	at sbt.inc.Incremental$.manageClassfiles(Incremental.scala:66)
	at sbt.inc.Incremental$.compile(Incremental.scala:38)
	at sbt.inc.IncrementalCompile$.apply(Compile.scala:26)
	at sbt.compiler.AggressiveCompile.compile2(AggressiveCompile.scala:153)
	at sbt.compiler.AggressiveCompile.compile1(AggressiveCompile.scala:70)
	at sbt.compiler.AggressiveCompile.apply(AggressiveCompile.scala:45)
	at org.scalaide.core.internal.builder.zinc.EclipseSbtBuildManager.aggressiveCompile(EclipseSbtBuildManager.scala:213)
	at org.scalaide.core.internal.builder.zinc.EclipseSbtBuildManager.runCompiler(EclipseSbtBuildManager.scala:142)
	at org.scalaide.core.internal.builder.zinc.EclipseSbtBuildManager.update(EclipseSbtBuildManager.scala:127)
	at org.scalaide.core.internal.builder.zinc.EclipseSbtBuildManager.build(EclipseSbtBuildManager.scala:87)
	at org.scalaide.core.internal.project.scopes.BuildScopeUnit.build(BuildScopeUnit.scala:57)
	at org.scalaide.core.internal.project.SbtScopesBuildManager$$anonfun$build$1.apply(SbtScopesBuildManager.scala:47)
	at org.scalaide.core.internal.project.SbtScopesBuildManager$$anonfun$build$1.apply(SbtScopesBuildManager.scala:43)
	at scala.collection.immutable.List.foreach(List.scala:381)
	at org.scalaide.core.internal.project.SbtScopesBuildManager.build(SbtScopesBuildManager.scala:43)
	at org.scalaide.core.internal.project.ScalaProject.build(ScalaProject.scala:591)
	at org.scalaide.core.internal.builder.ScalaBuilder.build(ScalaBuilder.scala:119)
	at org.eclipse.core.internal.events.BuildManager$2.run(BuildManager.java:734)
	at org.eclipse.core.runtime.SafeRunner.run(SafeRunner.java:42)
	at org.eclipse.core.internal.events.BuildManager.basicBuild(BuildManager.java:205)
	at org.eclipse.core.internal.events.BuildManager.basicBuild(BuildManager.java:245)
	at org.eclipse.core.internal.events.BuildManager$1.run(BuildManager.java:300)
	at org.eclipse.core.runtime.SafeRunner.run(SafeRunner.java:42)
	at org.eclipse.core.internal.events.BuildManager.basicBuild(BuildManager.java:303)
	at org.eclipse.core.internal.events.BuildManager.basicBuildLoop(BuildManager.java:359)
	at org.eclipse.core.internal.events.BuildManager.build(BuildManager.java:382)
	at org.eclipse.core.internal.events.AutoBuildJob.doBuild(AutoBuildJob.java:144)
	at org.eclipse.core.internal.events.AutoBuildJob.run(AutoBuildJob.java:235)
	at org.eclipse.core.internal.jobs.Worker.run(Worker.java:55)
2016-05-09 16:05:02,775 ERROR [main] - org.scala-ide.sdt.core - org.scala-ide.sdt.core - org.scala-ide.sdt.core - 0 - Error in Scala compiler
java.lang.IllegalArgumentException: requirement failed: Source file '/users/elegros/projectFinal/server/target/scala-2.11/classes/controllers/Application$$anonfun$addPlayer$1.class' does not exist.
	at scala.Predef$.require(Predef.scala:219)
	at sbt.IO$.copyFile(IO.scala:583)
	at sbt.IO$.move(IO.scala:786)
	at sbt.inc.ClassfileManager$$anonfun$transactional$1$$anon$2.sbt$inc$ClassfileManager$$anonfun$$anon$$move(ClassfileManager.scala:75)
	at sbt.inc.ClassfileManager$$anonfun$transactional$1$$anon$2$$anonfun$delete$3.apply(ClassfileManager.scala:52)
	at sbt.inc.ClassfileManager$$anonfun$transactional$1$$anon$2$$anonfun$delete$3.apply(ClassfileManager.scala:51)
	at scala.collection.immutable.HashSet$HashSet1.foreach(HashSet.scala:322)
	at scala.collection.immutable.HashSet$HashTrieSet.foreach(HashSet.scala:978)
	at sbt.inc.ClassfileManager$$anonfun$transactional$1$$anon$2.delete(ClassfileManager.scala:51)
	at sbt.inc.Incremental$.prune(Incremental.scala:59)
	at sbt.inc.IncrementalCommon.cycle(IncrementalCommon.scala:28)
	at sbt.inc.Incremental$$anonfun$1.apply(Incremental.scala:39)
	at sbt.inc.Incremental$$anonfun$1.apply(Incremental.scala:38)
	at sbt.inc.Incremental$.manageClassfiles(Incremental.scala:66)
	at sbt.inc.Incremental$.compile(Incremental.scala:38)
	at sbt.inc.IncrementalCompile$.apply(Compile.scala:26)
	at sbt.compiler.AggressiveCompile.compile2(AggressiveCompile.scala:153)
	at sbt.compiler.AggressiveCompile.compile1(AggressiveCompile.scala:70)
	at sbt.compiler.AggressiveCompile.apply(AggressiveCompile.scala:45)
	at org.scalaide.core.internal.builder.zinc.EclipseSbtBuildManager.aggressiveCompile(EclipseSbtBuildManager.scala:213)
	at org.scalaide.core.internal.builder.zinc.EclipseSbtBuildManager.runCompiler(EclipseSbtBuildManager.scala:142)
	at org.scalaide.core.internal.builder.zinc.EclipseSbtBuildManager.update(EclipseSbtBuildManager.scala:127)
	at org.scalaide.core.internal.builder.zinc.EclipseSbtBuildManager.build(EclipseSbtBuildManager.scala:87)
	at org.scalaide.core.internal.project.scopes.BuildScopeUnit.build(BuildScopeUnit.scala:57)
	at org.scalaide.core.internal.project.SbtScopesBuildManager$$anonfun$build$1.apply(SbtScopesBuildManager.scala:47)
	at org.scalaide.core.internal.project.SbtScopesBuildManager$$anonfun$build$1.apply(SbtScopesBuildManager.scala:43)
	at scala.collection.immutable.List.foreach(List.scala:381)
	at org.scalaide.core.internal.project.SbtScopesBuildManager.build(SbtScopesBuildManager.scala:43)
	at org.scalaide.core.internal.project.ScalaProject.build(ScalaProject.scala:591)
	at org.scalaide.core.internal.builder.ScalaBuilder.build(ScalaBuilder.scala:119)
	at org.eclipse.core.internal.events.BuildManager$2.run(BuildManager.java:734)
	at org.eclipse.core.runtime.SafeRunner.run(SafeRunner.java:42)
	at org.eclipse.core.internal.events.BuildManager.basicBuild(BuildManager.java:205)
	at org.eclipse.core.internal.events.BuildManager.basicBuild(BuildManager.java:245)
	at org.eclipse.core.internal.events.BuildManager$1.run(BuildManager.java:300)
	at org.eclipse.core.runtime.SafeRunner.run(SafeRunner.java:42)
	at org.eclipse.core.internal.events.BuildManager.basicBuild(BuildManager.java:303)
	at org.eclipse.core.internal.events.BuildManager.basicBuildLoop(BuildManager.java:359)
	at org.eclipse.core.internal.events.BuildManager.build(BuildManager.java:382)
	at org.eclipse.core.internal.events.AutoBuildJob.doBuild(AutoBuildJob.java:144)
	at org.eclipse.core.internal.events.AutoBuildJob.run(AutoBuildJob.java:235)
	at org.eclipse.core.internal.jobs.Worker.run(Worker.java:55)
2016-05-09 16:07:37,855 ERROR [main] - org.scala-ide.sdt.core - org.scala-ide.sdt.core - org.scala-ide.sdt.core - 0 - Error in Scala compiler
java.lang.IllegalArgumentException: requirement failed: Source file '/users/elegros/projectFinal/server/target/scala-2.11/classes/controllers/Application$$anonfun$sendLine$1.class' does not exist.
	at scala.Predef$.require(Predef.scala:219)
	at sbt.IO$.copyFile(IO.scala:583)
	at sbt.IO$.move(IO.scala:786)
	at sbt.inc.ClassfileManager$$anonfun$transactional$1$$anon$2.sbt$inc$ClassfileManager$$anonfun$$anon$$move(ClassfileManager.scala:75)
	at sbt.inc.ClassfileManager$$anonfun$transactional$1$$anon$2$$anonfun$delete$3.apply(ClassfileManager.scala:52)
	at sbt.inc.ClassfileManager$$anonfun$transactional$1$$anon$2$$anonfun$delete$3.apply(ClassfileManager.scala:51)
	at scala.collection.immutable.HashSet$HashSet1.foreach(HashSet.scala:322)
	at scala.collection.immutable.HashSet$HashTrieSet.foreach(HashSet.scala:978)
	at sbt.inc.ClassfileManager$$anonfun$transactional$1$$anon$2.delete(ClassfileManager.scala:51)
	at sbt.inc.Incremental$.prune(Incremental.scala:59)
	at sbt.inc.IncrementalCommon.cycle(IncrementalCommon.scala:28)
	at sbt.inc.Incremental$$anonfun$1.apply(Incremental.scala:39)
	at sbt.inc.Incremental$$anonfun$1.apply(Incremental.scala:38)
	at sbt.inc.Incremental$.manageClassfiles(Incremental.scala:66)
	at sbt.inc.Incremental$.compile(Incremental.scala:38)
	at sbt.inc.IncrementalCompile$.apply(Compile.scala:26)
	at sbt.compiler.AggressiveCompile.compile2(AggressiveCompile.scala:153)
	at sbt.compiler.AggressiveCompile.compile1(AggressiveCompile.scala:70)
	at sbt.compiler.AggressiveCompile.apply(AggressiveCompile.scala:45)
	at org.scalaide.core.internal.builder.zinc.EclipseSbtBuildManager.aggressiveCompile(EclipseSbtBuildManager.scala:213)
	at org.scalaide.core.internal.builder.zinc.EclipseSbtBuildManager.runCompiler(EclipseSbtBuildManager.scala:142)
	at org.scalaide.core.internal.builder.zinc.EclipseSbtBuildManager.update(EclipseSbtBuildManager.scala:127)
	at org.scalaide.core.internal.builder.zinc.EclipseSbtBuildManager.build(EclipseSbtBuildManager.scala:87)
	at org.scalaide.core.internal.project.scopes.BuildScopeUnit.build(BuildScopeUnit.scala:57)
	at org.scalaide.core.internal.project.SbtScopesBuildManager$$anonfun$build$1.apply(SbtScopesBuildManager.scala:47)
	at org.scalaide.core.internal.project.SbtScopesBuildManager$$anonfun$build$1.apply(SbtScopesBuildManager.scala:43)
	at scala.collection.immutable.List.foreach(List.scala:381)
	at org.scalaide.core.internal.project.SbtScopesBuildManager.build(SbtScopesBuildManager.scala:43)
	at org.scalaide.core.internal.project.ScalaProject.build(ScalaProject.scala:591)
	at org.scalaide.core.internal.builder.ScalaBuilder.build(ScalaBuilder.scala:119)
	at org.eclipse.core.internal.events.BuildManager$2.run(BuildManager.java:734)
	at org.eclipse.core.runtime.SafeRunner.run(SafeRunner.java:42)
	at org.eclipse.core.internal.events.BuildManager.basicBuild(BuildManager.java:205)
	at org.eclipse.core.internal.events.BuildManager.basicBuild(BuildManager.java:245)
	at org.eclipse.core.internal.events.BuildManager$1.run(BuildManager.java:300)
	at org.eclipse.core.runtime.SafeRunner.run(SafeRunner.java:42)
	at org.eclipse.core.internal.events.BuildManager.basicBuild(BuildManager.java:303)
	at org.eclipse.core.internal.events.BuildManager.basicBuildLoop(BuildManager.java:359)
	at org.eclipse.core.internal.events.BuildManager.build(BuildManager.java:382)
	at org.eclipse.core.internal.events.AutoBuildJob.doBuild(AutoBuildJob.java:144)
	at org.eclipse.core.internal.events.AutoBuildJob.run(AutoBuildJob.java:235)
	at org.eclipse.core.internal.jobs.Worker.run(Worker.java:55)
2016-05-09 16:42:06,439 ERROR [main] - org.scala-ide.sdt.core - org.scala-ide.sdt.core - org.scala-ide.sdt.core - 0 - Throwable during asyncExec
scala.reflect.internal.FatalError: ThisType(value thread) for sym which is not a class
	at scala.reflect.internal.Reporting$class.abort(Reporting.scala:59)
	at scala.reflect.internal.SymbolTable.abort(SymbolTable.scala:16)
	at scala.reflect.internal.Types$ThisType.<init>(Types.scala:1167)
	at scala.reflect.internal.Types$UniqueThisType.<init>(Types.scala:1187)
	at scala.reflect.internal.Types$ThisType$.apply(Types.scala:1191)
	at scala.tools.nsc.interactive.Global.scala$tools$nsc$interactive$Global$$findMirrorSymbol(Global.scala:873)
	at scala.tools.nsc.interactive.Global$$anonfun$getDocComment$2$$anonfun$apply$16$$anonfun$apply$18.apply(Global.scala:946)
	at scala.tools.nsc.interactive.Global$$anonfun$getDocComment$2$$anonfun$apply$16$$anonfun$apply$18.apply(Global.scala:945)
	at scala.collection.TraversableLike$WithFilter$$anonfun$foreach$1.apply(TraversableLike.scala:778)
	at scala.collection.immutable.List.foreach(List.scala:381)
	at scala.collection.TraversableLike$WithFilter.foreach(TraversableLike.scala:777)
	at scala.tools.nsc.interactive.Global$$anonfun$getDocComment$2$$anonfun$apply$16.apply(Global.scala:945)
	at scala.tools.nsc.interactive.Global$$anonfun$getDocComment$2$$anonfun$apply$16.apply(Global.scala:944)
	at scala.tools.nsc.interactive.Global.scala$tools$nsc$interactive$Global$$withTempUnits(Global.scala:853)
	at scala.tools.nsc.interactive.Global$$anonfun$getDocComment$2.apply(Global.scala:944)
	at scala.tools.nsc.interactive.Global$$anonfun$getDocComment$2.apply(Global.scala:944)
	at scala.tools.nsc.interactive.Global$$anonfun$respond$1.apply(Global.scala:699)
	at scala.tools.nsc.interactive.Global$$anonfun$respond$1.apply(Global.scala:699)
	at scala.tools.nsc.interactive.Global.respondGradually(Global.scala:706)
	at scala.tools.nsc.interactive.Global.respond(Global.scala:699)
	at scala.tools.nsc.interactive.Global.getDocComment(Global.scala:943)
	at scala.tools.nsc.interactive.CompilerControl$AskDocCommentItem.apply$mcV$sp(CompilerControl.scala:376)
	at scala.tools.nsc.interactive.Global$$anonfun$pollForWork$1.apply$mcV$sp(Global.scala:504)
	at scala.util.control.Breaks.breakable(Breaks.scala:38)
	at scala.tools.nsc.interactive.Global.pollForWork(Global.scala:429)
	at scala.tools.nsc.interactive.PresentationCompilerThread.run(PresentationCompilerThread.scala:22)
2016-05-09 16:59:10,553 ERROR [main] - org.scala-ide.sdt.core - org.scala-ide.sdt.core - org.scala-ide.sdt.core - 0 - Throwable during asyncExec
scala.reflect.internal.FatalError: ThisType(value playerCheck) for sym which is not a class
	at scala.reflect.internal.Reporting$class.abort(Reporting.scala:59)
	at scala.reflect.internal.SymbolTable.abort(SymbolTable.scala:16)
	at scala.reflect.internal.Types$ThisType.<init>(Types.scala:1167)
	at scala.reflect.internal.Types$UniqueThisType.<init>(Types.scala:1187)
	at scala.reflect.internal.Types$ThisType$.apply(Types.scala:1191)
	at scala.tools.nsc.interactive.Global.scala$tools$nsc$interactive$Global$$findMirrorSymbol(Global.scala:873)
	at scala.tools.nsc.interactive.Global$$anonfun$getDocComment$2$$anonfun$apply$16$$anonfun$apply$18.apply(Global.scala:946)
	at scala.tools.nsc.interactive.Global$$anonfun$getDocComment$2$$anonfun$apply$16$$anonfun$apply$18.apply(Global.scala:945)
	at scala.collection.TraversableLike$WithFilter$$anonfun$foreach$1.apply(TraversableLike.scala:778)
	at scala.collection.immutable.List.foreach(List.scala:381)
	at scala.collection.TraversableLike$WithFilter.foreach(TraversableLike.scala:777)
	at scala.tools.nsc.interactive.Global$$anonfun$getDocComment$2$$anonfun$apply$16.apply(Global.scala:945)
	at scala.tools.nsc.interactive.Global$$anonfun$getDocComment$2$$anonfun$apply$16.apply(Global.scala:944)
	at scala.tools.nsc.interactive.Global.scala$tools$nsc$interactive$Global$$withTempUnits(Global.scala:853)
	at scala.tools.nsc.interactive.Global$$anonfun$getDocComment$2.apply(Global.scala:944)
	at scala.tools.nsc.interactive.Global$$anonfun$getDocComment$2.apply(Global.scala:944)
	at scala.tools.nsc.interactive.Global$$anonfun$respond$1.apply(Global.scala:699)
	at scala.tools.nsc.interactive.Global$$anonfun$respond$1.apply(Global.scala:699)
	at scala.tools.nsc.interactive.Global.respondGradually(Global.scala:706)
	at scala.tools.nsc.interactive.Global.respond(Global.scala:699)
	at scala.tools.nsc.interactive.Global.getDocComment(Global.scala:943)
	at scala.tools.nsc.interactive.CompilerControl$AskDocCommentItem.apply$mcV$sp(CompilerControl.scala:376)
	at scala.tools.nsc.interactive.Global$$anonfun$pollForWork$1.apply$mcV$sp(Global.scala:504)
	at scala.util.control.Breaks.breakable(Breaks.scala:38)
	at scala.tools.nsc.interactive.Global.pollForWork(Global.scala:429)
	at scala.tools.nsc.interactive.PresentationCompilerThread.run(PresentationCompilerThread.scala:22)
2016-05-09 17:15:16,433  WARN [org.scalaide.ui.internal.reconciliation.ScalaReconciler] - TraverserImpl$ - Skipping annotation, position length = 0, position offset = 3183
